Log file open, 12/15/19 19:46:20
LogWindows: Failed to load 'aqProf.dll' (GetLastError=126)
LogWindows: File 'aqProf.dll' does not exist
LogWindows: Failed to load 'VtuneApi.dll' (GetLastError=126)
LogWindows: File 'VtuneApi.dll' does not exist
LogWindows: Failed to load 'VtuneApi32e.dll' (GetLastError=126)
LogWindows: File 'VtuneApi32e.dll' does not exist
LogConsoleResponse: Display: Failed to find resolution value strings in scalability ini. Falling back to default.
LogInit: Display: Running engine for game: Erfrechung
LogPlatformFile: Not using cached read wrapper
LogTaskGraph: Started task graph with 5 named threads and 23 total threads with 3 sets of task threads.
LogStats: Stats thread started at 0.085139
LogD3D11RHI: Loaded GFSDK_Aftermath_Lib.x64.dll
LogICUInternationalization: ICU TimeZone Detection - Raw Offset: +1:00, Platform Override: ''
LogPluginManager: Mounting plugin Paper2D
LogPluginManager: Mounting plugin AISupport
LogPluginManager: Mounting plugin LightPropagationVolume
LogPluginManager: Mounting plugin ActorLayerUtilities
LogPluginManager: Mounting plugin AnimationSharing
LogPluginManager: Mounting plugin CLionSourceCodeAccess
LogPluginManager: Mounting plugin CodeLiteSourceCodeAccess
LogPluginManager: Mounting plugin GitSourceControl
LogPluginManager: Mounting plugin KDevelopSourceCodeAccess
LogPluginManager: Mounting plugin NullSourceCodeAccess
LogPluginManager: Mounting plugin PerforceSourceControl
LogPluginManager: Mounting plugin PlasticSourceControl
LogPluginManager: Mounting plugin SubversionSourceControl
LogPluginManager: Mounting plugin UObjectPlugin
LogPluginManager: Mounting plugin VisualStudioCodeSourceCodeAccess
LogPluginManager: Mounting plugin VisualStudioSourceCodeAccess
LogPluginManager: Mounting plugin XCodeSourceCodeAccess
LogPluginManager: Mounting plugin AssetManagerEditor
LogPluginManager: Mounting plugin CryptoKeys
LogPluginManager: Mounting plugin CurveEditorTools
LogPluginManager: Mounting plugin DataValidation
LogPluginManager: Mounting plugin FacialAnimation
LogPluginManager: Mounting plugin GameplayTagsEditor
LogPluginManager: Mounting plugin MacGraphicsSwitching
LogPluginManager: Mounting plugin MaterialAnalyzer
LogPluginManager: Mounting plugin MobileLauncherProfileWizard
LogPluginManager: Mounting plugin PluginBrowser
LogPluginManager: Mounting plugin SpeedTreeImporter
LogPluginManager: Mounting plugin DatasmithContent
LogPluginManager: Mounting plugin VariantManagerContent
LogPluginManager: Mounting plugin AlembicImporter
LogPluginManager: Mounting plugin AutomationUtils
LogPluginManager: Mounting plugin BackChannel
LogPluginManager: Mounting plugin CharacterAI
LogPluginManager: Mounting plugin GeometryCache
LogPluginManager: Mounting plugin PlatformCrypto
LogPluginManager: Mounting plugin ProxyLODPlugin
LogPluginManager: Mounting plugin SkeletalReduction
LogPluginManager: Mounting plugin MagicLeap
LogPluginManager: Mounting plugin MagicLeapMedia
LogPluginManager: Mounting plugin MLSDK
LogPluginManager: Mounting plugin AndroidMedia
LogPluginManager: Mounting plugin AvfMedia
LogPluginManager: Mounting plugin ImgMedia
LogPluginManager: Mounting plugin MediaCompositing
LogPluginManager: Mounting plugin MediaPlayerEditor
LogPluginManager: Mounting plugin WebMMedia
LogPluginManager: Mounting plugin WmfMedia
LogPluginManager: Mounting plugin TcpMessaging
LogPluginManager: Mounting plugin UdpMessaging
LogPluginManager: Mounting plugin ActorSequence
LogPluginManager: Mounting plugin LevelSequenceEditor
LogPluginManager: Mounting plugin MatineeToLevelSequence
LogPluginManager: Mounting plugin NetcodeUnitTest
LogPluginManager: Mounting plugin NUTUnrealEngine4
LogPluginManager: Mounting plugin OnlineSubsystemGooglePlay
LogPluginManager: Mounting plugin OnlineSubsystemIOS
LogPluginManager: Mounting plugin OnlineSubsystem
LogPluginManager: Mounting plugin OnlineSubsystemNull
LogPluginManager: Mounting plugin OnlineSubsystemUtils
LogPluginManager: Mounting plugin LauncherChunkInstaller
LogPluginManager: Mounting plugin AndroidDeviceProfileSelector
LogPluginManager: Mounting plugin AndroidMoviePlayer
LogPluginManager: Mounting plugin AndroidPermission
LogPluginManager: Mounting plugin AppleImageUtils
LogPluginManager: Mounting plugin AppleMoviePlayer
LogPluginManager: Mounting plugin ArchVisCharacter
LogPluginManager: Mounting plugin AssetTags
LogPluginManager: Mounting plugin AudioCapture
LogPluginManager: Mounting plugin CableComponent
LogPluginManager: Mounting plugin CustomMeshComponent
LogPluginManager: Mounting plugin EditableMesh
LogPluginManager: Mounting plugin ExampleDeviceProfileSelector
LogPluginManager: Mounting plugin GoogleCloudMessaging
LogPluginManager: Mounting plugin IOSDeviceProfileSelector
LogPluginManager: Mounting plugin LinuxDeviceProfileSelector
LogPluginManager: Mounting plugin LocationServicesBPLibrary
LogPluginManager: Mounting plugin MobilePatchingUtils
LogPluginManager: Mounting plugin OculusVR
LogPluginManager: Mounting plugin PhysXVehicles
LogPluginManager: Mounting plugin PostSplashScreen
LogPluginManager: Mounting plugin ProceduralMeshComponent
LogPluginManager: Mounting plugin RuntimePhysXCooking
LogPluginManager: Mounting plugin SignificanceManager
LogPluginManager: Mounting plugin SteamVR
LogPluginManager: Mounting plugin WebMMoviePlayer
LogPluginManager: Mounting plugin WindowsMoviePlayer
LogPluginManager: Mounting plugin ScreenshotTools
LogInit: Using libcurl 7.55.1-DEV
LogInit:  - built for x86_64-pc-win32
LogInit:  - supports SSL with OpenSSL/1.1.1
LogInit:  - supports HTTP deflate (compression) using libz 1.2.8
LogInit:  - other features:
LogInit:      CURL_VERSION_SSL
LogInit:      CURL_VERSION_LIBZ
LogInit:      CURL_VERSION_IPV6
LogInit:      CURL_VERSION_ASYNCHDNS
LogInit:      CURL_VERSION_LARGEFILE
LogInit:      CURL_VERSION_IDN
LogInit:  CurlRequestOptions (configurable via config and command line):
LogInit:  - bVerifyPeer = true  - Libcurl will verify peer certificate
LogInit:  - bUseHttpProxy = false  - Libcurl will NOT use HTTP proxy
LogInit:  - bDontReuseConnections = false  - Libcurl will reuse connections
LogInit:  - MaxHostConnections = 16  - Libcurl will limit the number of connections to a host
LogInit:  - LocalHostAddr = Default
LogInit:  - BufferSize = 65536
LogOnline: OSS: Creating online subsystem instance for: NULL
LogInit: WinSock: version 1.1 (2.2), MaxSocks=32767, MaxUdp=65467
LogOnline: OSS: TryLoadSubsystemAndSetDefault: Loaded subsystem for module [NULL]
LogInit: Build: ++UE4+Release-4.24-CL-10570792
LogInit: Engine Version: 4.24.0-10570792+++UE4+Release-4.24
LogInit: Compatible Engine Version: 4.24.0-10570792+++UE4+Release-4.24
LogInit: Net CL: 10570792
LogInit: OS: Windows 10 (Release 1903) (), CPU: Intel(R) Core(TM) i5-8250U CPU @ 1.60GHz, GPU: Intel(R) UHD Graphics 620
LogInit: Compiled (64-bit): Dec  6 2019 02:05:13
LogInit: Compiled with Visual C++: 19.16.27032.01
LogInit: Build Configuration: Development
LogInit: Branch Name: ++UE4+Release-4.24
LogInit: Command Line:  -EpicPortal -epicusername=martinamaurer -epicuserid=1824fa3d50a04f2ab8d80e5e67b5a742 -epiclocale=en-US
LogInit: Base Directory: C:/Program Files/Epic Games/UE_4.24/Engine/Binaries/Win64/
LogInit: Installed Engine Build: 1
LogDevObjectVersion: Number of dev versions registered: 25
LogDevObjectVersion:   Dev-Blueprints (B0D832E4-1F89-4F0D-ACCF-7EB736FD4AA2): 10
LogDevObjectVersion:   Dev-Build (E1C64328-A22C-4D53-A36C-8E866417BD8C): 0
LogDevObjectVersion:   Dev-Core (375EC13C-06E4-48FB-B500-84F0262A717E): 3
LogDevObjectVersion:   Dev-Editor (E4B068ED-F494-42E9-A231-DA0B2E46BB41): 37
LogDevObjectVersion:   Dev-Framework (CFFC743F-43B0-4480-9391-14DF171D2073): 36
LogDevObjectVersion:   Dev-Mobile (B02B49B5-BB20-44E9-A304-32B752E40360): 2
LogDevObjectVersion:   Dev-Networking (A4E4105C-59A1-49B5-A7C5-40C4547EDFEE): 0
LogDevObjectVersion:   Dev-Online (39C831C9-5AE6-47DC-9A44-9C173E1C8E7C): 0
LogDevObjectVersion:   Dev-Physics (78F01B33-EBEA-4F98-B9B4-84EACCB95AA2): 2
LogDevObjectVersion:   Dev-Platform (6631380F-2D4D-43E0-8009-CF276956A95A): 0
LogDevObjectVersion:   Dev-Rendering (12F88B9F-8875-4AFC-A67C-D90C383ABD29): 36
LogDevObjectVersion:   Dev-Sequencer (7B5AE74C-D270-4C10-A958-57980B212A5A): 11
LogDevObjectVersion:   Dev-VR (D7296918-1DD6-4BDD-9DE2-64A83CC13884): 2
LogDevObjectVersion:   Dev-LoadTimes (C2A15278-BFE7-4AFE-6C17-90FF531DF755): 1
LogDevObjectVersion:   Private-Geometry (6EACA3D4-40EC-4CC1-B786-8BED09428FC5): 3
LogDevObjectVersion:   Dev-AnimPhys (29E575DD-E0A3-4627-9D10-D276232CDCEA): 17
LogDevObjectVersion:   Dev-Anim (AF43A65D-7FD3-4947-9873-3E8ED9C1BB05): 2
LogDevObjectVersion:   Dev-ReflectionCapture (6B266CEC-1EC7-4B8F-A30B-E4D90942FC07): 1
LogDevObjectVersion:   Dev-Automation (0DF73D61-A23F-47EA-B727-89E90C41499A): 1
LogDevObjectVersion:   FortniteMain (601D1886-AC64-4F84-AA16-D3DE0DEAC7D6): 31
LogDevObjectVersion:   Dev-Enterprise (9DFFBCD6-494F-0158-E221-12823C92A888): 8
LogDevObjectVersion:   Dev-Niagara (F2AED0AC-9AFE-416F-8664-AA7FFA26D6FC): 1
LogDevObjectVersion:   Dev-Destruction (174F1F0B-B4C6-45A5-B13F-2EE8D0FB917D): 9
LogDevObjectVersion:   Dev-Physics-Ext (35F94A83-E258-406C-A318-09F59610247C): 8
LogDevObjectVersion:   Dev-CineCamera (B2E18506-4273-CFC2-A54E-F4BB758BBA07): 1
LogInit: Presizing for max 25165824 objects, including 0 objects not considered by GC, pre-allocating 0 bytes for permanent pool.
LogInit: Object subsystem initialized
LogConfig: Setting CVar [[con.DebugEarlyDefault:1]]
LogConfig: Setting CVar [[r.setres:1280x720]]
[2019.12.15-18.46.21:142][  0]LogConfig: Setting CVar [[r.VSync:0]]
[2019.12.15-18.46.21:142][  0]LogConfig: Setting CVar [[r.RHICmdBypass:0]]
[2019.12.15-18.46.21:142][  0]LogConfig: Applying CVar settings from Section [/Script/Engine.RendererSettings] File [C:/Users/Martina/Documents/GitHub/GameJam2019/Erfrechung/Saved/Config/Windows/Engine.ini]
[2019.12.15-18.46.21:142][  0]LogConfig: Setting CVar [[r.GPUCrashDebugging:0]]
[2019.12.15-18.46.21:142][  0]LogConfig: Setting CVar [[r.DefaultFeature.AutoExposure.ExtendDefaultLuminanceRange:1]]
[2019.12.15-18.46.21:142][  0]LogConfig: Setting CVar [[r.DefaultFeature.AutoExposure:0]]
[2019.12.15-18.46.21:142][  0]LogConfig: Applying CVar settings from Section [/Script/Engine.RendererOverrideSettings] File [C:/Users/Martina/Documents/GitHub/GameJam2019/Erfrechung/Saved/Config/Windows/Engine.ini]
[2019.12.15-18.46.21:142][  0]LogConfig: Applying CVar settings from Section [/Script/Engine.StreamingSettings] File [C:/Users/Martina/Documents/GitHub/GameJam2019/Erfrechung/Saved/Config/Windows/Engine.ini]
[2019.12.15-18.46.21:142][  0]LogConfig: Setting CVar [[s.MinBulkDataSizeForAsyncLoading:131072]]
[2019.12.15-18.46.21:142][  0]LogConfig: Setting CVar [[s.AsyncLoadingThreadEnabled:0]]
[2019.12.15-18.46.21:142][  0]LogConfig: Setting CVar [[s.EventDrivenLoaderEnabled:1]]
[2019.12.15-18.46.21:142][  0]LogConfig: Setting CVar [[s.WarnIfTimeLimitExceeded:0]]
[2019.12.15-18.46.21:142][  0]LogConfig: Setting CVar [[s.TimeLimitExceededMultiplier:1.5]]
[2019.12.15-18.46.21:142][  0]LogConfig: Setting CVar [[s.TimeLimitExceededMinTime:0.005]]
[2019.12.15-18.46.21:142][  0]LogConfig: Setting CVar [[s.UseBackgroundLevelStreaming:1]]
[2019.12.15-18.46.21:142][  0]LogConfig: Setting CVar [[s.PriorityAsyncLoadingExtraTime:15.0]]
[2019.12.15-18.46.21:142][  0]LogConfig: Setting CVar [[s.LevelStreamingActorsUpdateTimeLimit:5.0]]
[2019.12.15-18.46.21:142][  0]LogConfig: Setting CVar [[s.PriorityLevelStreamingActorsUpdateExtraTime:5.0]]
[2019.12.15-18.46.21:142][  0]LogConfig: Setting CVar [[s.LevelStreamingComponentsRegistrationGranularity:10]]
[2019.12.15-18.46.21:142][  0]LogConfig: Setting CVar [[s.UnregisterComponentsTimeLimit:1.0]]
[2019.12.15-18.46.21:142][  0]LogConfig: Setting CVar [[s.LevelStreamingComponentsUnregistrationGranularity:5]]
[2019.12.15-18.46.21:142][  0]LogConfig: Setting CVar [[s.FlushStreamingOnExit:1]]
[2019.12.15-18.46.21:142][  0]LogConfig: Applying CVar settings from Section [/Script/Engine.GarbageCollectionSettings] File [C:/Users/Martina/Documents/GitHub/GameJam2019/Erfrechung/Saved/Config/Windows/Engine.ini]
[2019.12.15-18.46.21:142][  0]LogConfig: Setting CVar [[gc.MaxObjectsNotConsideredByGC:1]]
[2019.12.15-18.46.21:142][  0]LogConfig: Setting CVar [[gc.SizeOfPermanentObjectPool:0]]
[2019.12.15-18.46.21:142][  0]LogConfig: Setting CVar [[gc.FlushStreamingOnGC:0]]
[2019.12.15-18.46.21:142][  0]LogConfig: Setting CVar [[gc.NumRetriesBeforeForcingGC:10]]
[2019.12.15-18.46.21:142][  0]LogConfig: Setting CVar [[gc.AllowParallelGC:1]]
[2019.12.15-18.46.21:142][  0]LogConfig: Setting CVar [[gc.TimeBetweenPurgingPendingKillObjects:61.1]]
[2019.12.15-18.46.21:142][  0]LogConfig: Setting CVar [[gc.MaxObjectsInEditor:25165824]]
[2019.12.15-18.46.21:142][  0]LogConfig: Setting CVar [[gc.IncrementalBeginDestroyEnabled:1]]
[2019.12.15-18.46.21:142][  0]LogConfig: Setting CVar [[gc.CreateGCClusters:1]]
[2019.12.15-18.46.21:142][  0]LogConfig: Setting CVar [[gc.MinGCClusterSize:5]]
[2019.12.15-18.46.21:142][  0]LogConfig: Setting CVar [[gc.ActorClusteringEnabled:0]]
[2019.12.15-18.46.21:142][  0]LogConfig: Setting CVar [[gc.BlueprintClusteringEnabled:0]]
[2019.12.15-18.46.21:142][  0]LogConfig: Setting CVar [[gc.UseDisregardForGCOnDedicatedServers:0]]
[2019.12.15-18.46.21:142][  0]LogConfig: Applying CVar settings from Section [/Script/Engine.NetworkSettings] File [C:/Users/Martina/Documents/GitHub/GameJam2019/Erfrechung/Saved/Config/Windows/Engine.ini]
[2019.12.15-18.46.21:142][  0]LogConfig: Applying CVar settings from Section [/Script/UnrealEd.CookerSettings] File [C:/Users/Martina/Documents/GitHub/GameJam2019/Erfrechung/Saved/Config/Windows/Engine.ini]
[2019.12.15-18.46.21:144][  0]LogConfig: Applying CVar settings from Section [ViewDistanceQuality@3] File [C:/Users/Martina/Documents/GitHub/GameJam2019/Erfrechung/Saved/Config/Windows/Scalability.ini]
[2019.12.15-18.46.21:144][  0]LogConfig: Setting CVar [[r.SkeletalMeshLODBias:0]]
[2019.12.15-18.46.21:144][  0]LogConfig: Setting CVar [[r.ViewDistanceScale:1.0]]
[2019.12.15-18.46.21:145][  0]LogConfig: Applying CVar settings from Section [AntiAliasingQuality@3] File [C:/Users/Martina/Documents/GitHub/GameJam2019/Erfrechung/Saved/Config/Windows/Scalability.ini]
[2019.12.15-18.46.21:145][  0]LogConfig: Setting CVar [[r.PostProcessAAQuality:4]]
[2019.12.15-18.46.21:145][  0]LogConfig: Applying CVar settings from Section [ShadowQuality@3] File [C:/Users/Martina/Documents/GitHub/GameJam2019/Erfrechung/Saved/Config/Windows/Scalability.ini]
[2019.12.15-18.46.21:145][  0]LogConfig: Setting CVar [[r.LightFunctionQuality:1]]
[2019.12.15-18.46.21:145][  0]LogConfig: Setting CVar [[r.ShadowQuality:5]]
[2019.12.15-18.46.21:145][  0]LogConfig: Setting CVar [[r.Shadow.CSM.MaxCascades:10]]
[2019.12.15-18.46.21:145][  0]LogConfig: Setting CVar [[r.Shadow.MaxResolution:2048]]
[2019.12.15-18.46.21:145][  0]LogConfig: Setting CVar [[r.Shadow.MaxCSMResolution:2048]]
[2019.12.15-18.46.21:145][  0]LogConfig: Setting CVar [[r.Shadow.RadiusThreshold:0.01]]
[2019.12.15-18.46.21:145][  0]LogConfig: Setting CVar [[r.Shadow.DistanceScale:1.0]]
[2019.12.15-18.46.21:145][  0]LogConfig: Setting CVar [[r.Shadow.CSM.TransitionScale:1.0]]
[2019.12.15-18.46.21:145][  0]LogConfig: Setting CVar [[r.Shadow.PreShadowResolutionFactor:1.0]]
[2019.12.15-18.46.21:145][  0]LogConfig: Setting CVar [[r.DistanceFieldShadowing:1]]
[2019.12.15-18.46.21:145][  0]LogConfig: Setting CVar [[r.DistanceFieldAO:1]]
[2019.12.15-18.46.21:145][  0]LogConfig: Setting CVar [[r.AOQuality:2]]
[2019.12.15-18.46.21:145][  0]LogConfig: Setting CVar [[r.VolumetricFog:1]]
[2019.12.15-18.46.21:145][  0]LogConfig: Setting CVar [[r.VolumetricFog.GridPixelSize:8]]
[2019.12.15-18.46.21:145][  0]LogConfig: Setting CVar [[r.VolumetricFog.GridSizeZ:128]]
[2019.12.15-18.46.21:145][  0]LogConfig: Setting CVar [[r.VolumetricFog.HistoryMissSupersampleCount:4]]
[2019.12.15-18.46.21:145][  0]LogConfig: Setting CVar [[r.LightMaxDrawDistanceScale:1]]
[2019.12.15-18.46.21:145][  0]LogConfig: Setting CVar [[r.CapsuleShadows:1]]
[2019.12.15-18.46.21:145][  0]LogConfig: Applying CVar settings from Section [PostProcessQuality@3] File [C:/Users/Martina/Documents/GitHub/GameJam2019/Erfrechung/Saved/Config/Windows/Scalability.ini]
[2019.12.15-18.46.21:145][  0]LogConfig: Setting CVar [[r.MotionBlurQuality:4]]
[2019.12.15-18.46.21:145][  0]LogConfig: Setting CVar [[r.AmbientOcclusionMipLevelFactor:0.4]]
[2019.12.15-18.46.21:145][  0]LogConfig: Setting CVar [[r.AmbientOcclusionMaxQuality:100]]
[2019.12.15-18.46.21:145][  0]LogConfig: Setting CVar [[r.AmbientOcclusionLevels:-1]]
[2019.12.15-18.46.21:145][  0]LogConfig: Setting CVar [[r.AmbientOcclusionRadiusScale:1.0]]
[2019.12.15-18.46.21:145][  0]LogConfig: Setting CVar [[r.DepthOfFieldQuality:2]]
[2019.12.15-18.46.21:145][  0]LogConfig: Setting CVar [[r.RenderTargetPoolMin:400]]
[2019.12.15-18.46.21:145][  0]LogConfig: Setting CVar [[r.LensFlareQuality:2]]
[2019.12.15-18.46.21:145][  0]LogConfig: Setting CVar [[r.SceneColorFringeQuality:1]]
[2019.12.15-18.46.21:145][  0]LogConfig: Setting CVar [[r.EyeAdaptationQuality:2]]
[2019.12.15-18.46.21:145][  0]LogConfig: Setting CVar [[r.BloomQuality:5]]
[2019.12.15-18.46.21:145][  0]LogConfig: Setting CVar [[r.FastBlurThreshold:100]]
[2019.12.15-18.46.21:145][  0]LogConfig: Setting CVar [[r.Upscale.Quality:3]]
[2019.12.15-18.46.21:145][  0]LogConfig: Setting CVar [[r.Tonemapper.GrainQuantization:1]]
[2019.12.15-18.46.21:145][  0]LogConfig: Setting CVar [[r.LightShaftQuality:1]]
[2019.12.15-18.46.21:145][  0]LogConfig: Setting CVar [[r.Filter.SizeScale:1]]
[2019.12.15-18.46.21:145][  0]LogConfig: Setting CVar [[r.Tonemapper.Quality:5]]
[2019.12.15-18.46.21:145][  0]LogConfig: Setting CVar [[r.DOF.Gather.AccumulatorQuality:1        ; higher gathering accumulator quality]]
[2019.12.15-18.46.21:145][  0]LogConfig: Setting CVar [[r.DOF.Gather.PostfilterMethod:1          ; Median3x3 postfilering method]]
[2019.12.15-18.46.21:145][  0]LogConfig: Setting CVar [[r.DOF.Gather.EnableBokehSettings:0       ; no bokeh simulation when gathering]]
[2019.12.15-18.46.21:145][  0]LogConfig: Setting CVar [[r.DOF.Gather.RingCount:4                 ; medium number of samples when gathering]]
[2019.12.15-18.46.21:145][  0]LogConfig: Setting CVar [[r.DOF.Scatter.ForegroundCompositing:1    ; additive foreground scattering]]
[2019.12.15-18.46.21:145][  0]LogConfig: Setting CVar [[r.DOF.Scatter.BackgroundCompositing:2    ; additive background scattering]]
[2019.12.15-18.46.21:145][  0]LogConfig: Setting CVar [[r.DOF.Scatter.EnableBokehSettings:1      ; bokeh simulation when scattering]]
[2019.12.15-18.46.21:145][  0]LogConfig: Setting CVar [[r.DOF.Scatter.MaxSpriteRatio:0.1         ; only a maximum of 10% of scattered bokeh]]
[2019.12.15-18.46.21:145][  0]LogConfig: Setting CVar [[r.DOF.Recombine.Quality:1                ; cheap slight out of focus]]
[2019.12.15-18.46.21:145][  0]LogConfig: Setting CVar [[r.DOF.Recombine.EnableBokehSettings:0    ; no bokeh simulation on slight out of focus]]
[2019.12.15-18.46.21:145][  0]LogConfig: Setting CVar [[r.DOF.TemporalAAQuality:1                ; more stable temporal accumulation]]
[2019.12.15-18.46.21:145][  0]LogConfig: Setting CVar [[r.DOF.Kernel.MaxForegroundRadius:0.025]]
[2019.12.15-18.46.21:145][  0]LogConfig: Setting CVar [[r.DOF.Kernel.MaxBackgroundRadius:0.025]]
[2019.12.15-18.46.21:145][  0]LogConfig: Applying CVar settings from Section [TextureQuality@3] File [C:/Users/Martina/Documents/GitHub/GameJam2019/Erfrechung/Saved/Config/Windows/Scalability.ini]
[2019.12.15-18.46.21:145][  0]LogConfig: Setting CVar [[r.Streaming.MipBias:0]]
[2019.12.15-18.46.21:145][  0]LogConfig: Setting CVar [[r.Streaming.AmortizeCPUToGPUCopy:0]]
[2019.12.15-18.46.21:145][  0]LogConfig: Setting CVar [[r.Streaming.MaxNumTexturesToStreamPerFrame:0]]
[2019.12.15-18.46.21:145][  0]LogConfig: Setting CVar [[r.Streaming.Boost:1]]
[2019.12.15-18.46.21:145][  0]LogConfig: Setting CVar [[r.MaxAnisotropy:8]]
[2019.12.15-18.46.21:145][  0]LogConfig: Setting CVar [[r.VT.MaxAnisotropy:8]]
[2019.12.15-18.46.21:145][  0]LogConfig: Setting CVar [[r.Streaming.LimitPoolSizeToVRAM:0]]
[2019.12.15-18.46.21:145][  0]LogConfig: Setting CVar [[r.Streaming.PoolSize:1000]]
[2019.12.15-18.46.21:145][  0]LogConfig: Setting CVar [[r.Streaming.MaxEffectiveScreenSize:0]]
[2019.12.15-18.46.21:145][  0]LogConfig: Applying CVar settings from Section [EffectsQuality@3] File [C:/Users/Martina/Documents/GitHub/GameJam2019/Erfrechung/Saved/Config/Windows/Scalability.ini]
[2019.12.15-18.46.21:145][  0]LogConfig: Setting CVar [[r.TranslucencyLightingVolumeDim:64]]
[2019.12.15-18.46.21:145][  0]LogConfig: Setting CVar [[r.RefractionQuality:2]]
[2019.12.15-18.46.21:145][  0]LogConfig: Setting CVar [[r.SSR.Quality:3]]
[2019.12.15-18.46.21:145][  0]LogConfig: Setting CVar [[r.SSR.HalfResSceneColor:0]]
[2019.12.15-18.46.21:145][  0]LogConfig: Setting CVar [[r.SceneColorFormat:4]]
[2019.12.15-18.46.21:145][  0]LogConfig: Setting CVar [[r.DetailMode:2]]
[2019.12.15-18.46.21:145][  0]LogConfig: Setting CVar [[r.TranslucencyVolumeBlur:1]]
[2019.12.15-18.46.21:145][  0]LogConfig: Setting CVar [[r.MaterialQualityLevel:1 ; High quality]]
[2019.12.15-18.46.21:146][  0]LogConfig: Setting CVar [[r.SSS.Scale:1]]
[2019.12.15-18.46.21:146][  0]LogConfig: Setting CVar [[r.SSS.SampleSet:2]]
[2019.12.15-18.46.21:146][  0]LogConfig: Setting CVar [[r.SSS.Quality:1]]
[2019.12.15-18.46.21:146][  0]LogConfig: Setting CVar [[r.SSS.HalfRes:1]]
[2019.12.15-18.46.21:146][  0]LogConfig: Setting CVar [[r.SSGI.Quality:3]]
[2019.12.15-18.46.21:146][  0]LogConfig: Setting CVar [[r.EmitterSpawnRateScale:1.0]]
[2019.12.15-18.46.21:146][  0]LogConfig: Setting CVar [[r.ParticleLightQuality:2]]
[2019.12.15-18.46.21:146][  0]LogConfig: Setting CVar [[r.SkyAtmosphere.AerialPerspectiveLUT.FastApplyOnOpaque:1 ; Always have FastSkyLUT 1 in this case to avoid wrong sky]]
[2019.12.15-18.46.21:146][  0]LogConfig: Setting CVar [[r.SkyAtmosphere.AerialPerspectiveLUT.SampleCountPerSlice:1]]
[2019.12.15-18.46.21:146][  0]LogConfig: Setting CVar [[r.SkyAtmosphere.AerialPerspectiveLUT.DepthResolution:16.0]]
[2019.12.15-18.46.21:146][  0]LogConfig: Setting CVar [[r.SkyAtmosphere.FastSkyLUT:1]]
[2019.12.15-18.46.21:146][  0]LogConfig: Setting CVar [[r.SkyAtmosphere.FastSkyLUT.SampleCountMin:4.0]]
[2019.12.15-18.46.21:146][  0]LogConfig: Setting CVar [[r.SkyAtmosphere.FastSkyLUT.SampleCountMax:32.0]]
[2019.12.15-18.46.21:146][  0]LogConfig: Setting CVar [[r.SkyAtmosphere.SampleCountMin:4.0]]
[2019.12.15-18.46.21:146][  0]LogConfig: Setting CVar [[r.SkyAtmosphere.SampleCountMax:32.0]]
[2019.12.15-18.46.21:146][  0]LogConfig: Setting CVar [[r.SkyAtmosphere.TransmittanceLUT.UseSmallFormat:0]]
[2019.12.15-18.46.21:146][  0]LogConfig: Setting CVar [[r.SkyAtmosphere.TransmittanceLUT.SampleCount:10.0]]
[2019.12.15-18.46.21:146][  0]LogConfig: Setting CVar [[r.SkyAtmosphere.MultiScatteringLUT.SampleCount:15.0]]
[2019.12.15-18.46.21:146][  0]LogConfig: Applying CVar settings from Section [FoliageQuality@3] File [C:/Users/Martina/Documents/GitHub/GameJam2019/Erfrechung/Saved/Config/Windows/Scalability.ini]
[2019.12.15-18.46.21:146][  0]LogConfig: Setting CVar [[foliage.DensityScale:1.0]]
[2019.12.15-18.46.21:146][  0]LogConfig: Setting CVar [[grass.DensityScale:1.0]]
[2019.12.15-18.46.21:146][  0]LogConfig: Applying CVar settings from Section [ShadingQuality@3] File [C:/Users/Martina/Documents/GitHub/GameJam2019/Erfrechung/Saved/Config/Windows/Scalability.ini]
[2019.12.15-18.46.21:146][  0]LogConfig: Setting CVar [[r.HairStrands.SkyLighting.SampleCount:16]]
[2019.12.15-18.46.21:146][  0]LogConfig: Setting CVar [[r.HairStrands.SkyLighting.JitterIntegration:0]]
[2019.12.15-18.46.21:146][  0]LogConfig: Setting CVar [[r.HairStrands.SkyAO.SampleCount:16]]
[2019.12.15-18.46.21:146][  0]LogInit: Selected Device Profile: [Windows]
[2019.12.15-18.46.21:146][  0]LogInit: Applying CVar settings loaded from the selected device profile: [Windows]
[2019.12.15-18.46.21:148][  0]LogHAL: Display: Platform has ~ 16 GB [17033633792 / 17179869184 / 16], which maps to Larger [LargestMinGB=32, LargerMinGB=12, DefaultMinGB=8, SmallerMinGB=6, SmallestMinGB=0)
[2019.12.15-18.46.21:148][  0]LogInit: Going up to parent DeviceProfile []
[2019.12.15-18.46.21:148][  0]LogConfig: Applying CVar settings from Section [ViewDistanceQuality@3] File [C:/Users/Martina/Documents/GitHub/GameJam2019/Erfrechung/Saved/Config/Windows/Scalability.ini]
[2019.12.15-18.46.21:148][  0]LogConfig: Setting CVar [[r.SkeletalMeshLODBias:0]]
[2019.12.15-18.46.21:148][  0]LogConfig: Setting CVar [[r.ViewDistanceScale:1.0]]
[2019.12.15-18.46.21:148][  0]LogConfig: Applying CVar settings from Section [AntiAliasingQuality@3] File [C:/Users/Martina/Documents/GitHub/GameJam2019/Erfrechung/Saved/Config/Windows/Scalability.ini]
[2019.12.15-18.46.21:148][  0]LogConfig: Setting CVar [[r.PostProcessAAQuality:4]]
[2019.12.15-18.46.21:148][  0]LogConfig: Applying CVar settings from Section [ShadowQuality@3] File [C:/Users/Martina/Documents/GitHub/GameJam2019/Erfrechung/Saved/Config/Windows/Scalability.ini]
[2019.12.15-18.46.21:148][  0]LogConfig: Setting CVar [[r.LightFunctionQuality:1]]
[2019.12.15-18.46.21:148][  0]LogConfig: Setting CVar [[r.ShadowQuality:5]]
[2019.12.15-18.46.21:148][  0]LogConfig: Setting CVar [[r.Shadow.CSM.MaxCascades:10]]
[2019.12.15-18.46.21:149][  0]LogConfig: Setting CVar [[r.Shadow.MaxResolution:2048]]
[2019.12.15-18.46.21:149][  0]LogConfig: Setting CVar [[r.Shadow.MaxCSMResolution:2048]]
[2019.12.15-18.46.21:149][  0]LogConfig: Setting CVar [[r.Shadow.RadiusThreshold:0.01]]
[2019.12.15-18.46.21:149][  0]LogConfig: Setting CVar [[r.Shadow.DistanceScale:1.0]]
[2019.12.15-18.46.21:149][  0]LogConfig: Setting CVar [[r.Shadow.CSM.TransitionScale:1.0]]
[2019.12.15-18.46.21:149][  0]LogConfig: Setting CVar [[r.Shadow.PreShadowResolutionFactor:1.0]]
[2019.12.15-18.46.21:149][  0]LogConfig: Setting CVar [[r.DistanceFieldShadowing:1]]
[2019.12.15-18.46.21:149][  0]LogConfig: Setting CVar [[r.DistanceFieldAO:1]]
[2019.12.15-18.46.21:149][  0]LogConfig: Setting CVar [[r.AOQuality:2]]
[2019.12.15-18.46.21:149][  0]LogConfig: Setting CVar [[r.VolumetricFog:1]]
[2019.12.15-18.46.21:149][  0]LogConfig: Setting CVar [[r.VolumetricFog.GridPixelSize:8]]
[2019.12.15-18.46.21:149][  0]LogConfig: Setting CVar [[r.VolumetricFog.GridSizeZ:128]]
[2019.12.15-18.46.21:149][  0]LogConfig: Setting CVar [[r.VolumetricFog.HistoryMissSupersampleCount:4]]
[2019.12.15-18.46.21:149][  0]LogConfig: Setting CVar [[r.LightMaxDrawDistanceScale:1]]
[2019.12.15-18.46.21:149][  0]LogConfig: Setting CVar [[r.CapsuleShadows:1]]
[2019.12.15-18.46.21:149][  0]LogConfig: Applying CVar settings from Section [PostProcessQuality@3] File [C:/Users/Martina/Documents/GitHub/GameJam2019/Erfrechung/Saved/Config/Windows/Scalability.ini]
[2019.12.15-18.46.21:149][  0]LogConfig: Setting CVar [[r.MotionBlurQuality:4]]
[2019.12.15-18.46.21:149][  0]LogConfig: Setting CVar [[r.AmbientOcclusionMipLevelFactor:0.4]]
[2019.12.15-18.46.21:149][  0]LogConfig: Setting CVar [[r.AmbientOcclusionMaxQuality:100]]
[2019.12.15-18.46.21:149][  0]LogConfig: Setting CVar [[r.AmbientOcclusionLevels:-1]]
[2019.12.15-18.46.21:149][  0]LogConfig: Setting CVar [[r.AmbientOcclusionRadiusScale:1.0]]
[2019.12.15-18.46.21:149][  0]LogConfig: Setting CVar [[r.DepthOfFieldQuality:2]]
[2019.12.15-18.46.21:149][  0]LogConfig: Setting CVar [[r.RenderTargetPoolMin:400]]
[2019.12.15-18.46.21:149][  0]LogConfig: Setting CVar [[r.LensFlareQuality:2]]
[2019.12.15-18.46.21:149][  0]LogConfig: Setting CVar [[r.SceneColorFringeQuality:1]]
[2019.12.15-18.46.21:149][  0]LogConfig: Setting CVar [[r.EyeAdaptationQuality:2]]
[2019.12.15-18.46.21:149][  0]LogConfig: Setting CVar [[r.BloomQuality:5]]
[2019.12.15-18.46.21:149][  0]LogConfig: Setting CVar [[r.FastBlurThreshold:100]]
[2019.12.15-18.46.21:149][  0]LogConfig: Setting CVar [[r.Upscale.Quality:3]]
[2019.12.15-18.46.21:149][  0]LogConfig: Setting CVar [[r.Tonemapper.GrainQuantization:1]]
[2019.12.15-18.46.21:149][  0]LogConfig: Setting CVar [[r.LightShaftQuality:1]]
[2019.12.15-18.46.21:149][  0]LogConfig: Setting CVar [[r.Filter.SizeScale:1]]
[2019.12.15-18.46.21:149][  0]LogConfig: Setting CVar [[r.Tonemapper.Quality:5]]
[2019.12.15-18.46.21:149][  0]LogConfig: Setting CVar [[r.DOF.Gather.AccumulatorQuality:1        ; higher gathering accumulator quality]]
[2019.12.15-18.46.21:149][  0]LogConfig: Setting CVar [[r.DOF.Gather.PostfilterMethod:1          ; Median3x3 postfilering method]]
[2019.12.15-18.46.21:149][  0]LogConfig: Setting CVar [[r.DOF.Gather.EnableBokehSettings:0       ; no bokeh simulation when gathering]]
[2019.12.15-18.46.21:149][  0]LogConfig: Setting CVar [[r.DOF.Gather.RingCount:4                 ; medium number of samples when gathering]]
[2019.12.15-18.46.21:149][  0]LogConfig: Setting CVar [[r.DOF.Scatter.ForegroundCompositing:1    ; additive foreground scattering]]
[2019.12.15-18.46.21:149][  0]LogConfig: Setting CVar [[r.DOF.Scatter.BackgroundCompositing:2    ; additive background scattering]]
[2019.12.15-18.46.21:149][  0]LogConfig: Setting CVar [[r.DOF.Scatter.EnableBokehSettings:1      ; bokeh simulation when scattering]]
[2019.12.15-18.46.21:149][  0]LogConfig: Setting CVar [[r.DOF.Scatter.MaxSpriteRatio:0.1         ; only a maximum of 10% of scattered bokeh]]
[2019.12.15-18.46.21:149][  0]LogConfig: Setting CVar [[r.DOF.Recombine.Quality:1                ; cheap slight out of focus]]
[2019.12.15-18.46.21:149][  0]LogConfig: Setting CVar [[r.DOF.Recombine.EnableBokehSettings:0    ; no bokeh simulation on slight out of focus]]
[2019.12.15-18.46.21:149][  0]LogConfig: Setting CVar [[r.DOF.TemporalAAQuality:1                ; more stable temporal accumulation]]
[2019.12.15-18.46.21:149][  0]LogConfig: Setting CVar [[r.DOF.Kernel.MaxForegroundRadius:0.025]]
[2019.12.15-18.46.21:149][  0]LogConfig: Setting CVar [[r.DOF.Kernel.MaxBackgroundRadius:0.025]]
[2019.12.15-18.46.21:149][  0]LogConfig: Applying CVar settings from Section [TextureQuality@3] File [C:/Users/Martina/Documents/GitHub/GameJam2019/Erfrechung/Saved/Config/Windows/Scalability.ini]
[2019.12.15-18.46.21:149][  0]LogConfig: Setting CVar [[r.Streaming.MipBias:0]]
[2019.12.15-18.46.21:149][  0]LogConfig: Setting CVar [[r.Streaming.AmortizeCPUToGPUCopy:0]]
[2019.12.15-18.46.21:149][  0]LogConfig: Setting CVar [[r.Streaming.MaxNumTexturesToStreamPerFrame:0]]
[2019.12.15-18.46.21:149][  0]LogConfig: Setting CVar [[r.Streaming.Boost:1]]
[2019.12.15-18.46.21:149][  0]LogConfig: Setting CVar [[r.MaxAnisotropy:8]]
[2019.12.15-18.46.21:149][  0]LogConfig: Setting CVar [[r.VT.MaxAnisotropy:8]]
[2019.12.15-18.46.21:149][  0]LogConfig: Setting CVar [[r.Streaming.LimitPoolSizeToVRAM:0]]
[2019.12.15-18.46.21:149][  0]LogConfig: Setting CVar [[r.Streaming.PoolSize:1000]]
[2019.12.15-18.46.21:149][  0]LogConfig: Setting CVar [[r.Streaming.MaxEffectiveScreenSize:0]]
[2019.12.15-18.46.21:149][  0]LogConfig: Applying CVar settings from Section [EffectsQuality@3] File [C:/Users/Martina/Documents/GitHub/GameJam2019/Erfrechung/Saved/Config/Windows/Scalability.ini]
[2019.12.15-18.46.21:149][  0]LogConfig: Setting CVar [[r.TranslucencyLightingVolumeDim:64]]
[2019.12.15-18.46.21:149][  0]LogConfig: Setting CVar [[r.RefractionQuality:2]]
[2019.12.15-18.46.21:149][  0]LogConfig: Setting CVar [[r.SSR.Quality:3]]
[2019.12.15-18.46.21:149][  0]LogConfig: Setting CVar [[r.SSR.HalfResSceneColor:0]]
[2019.12.15-18.46.21:149][  0]LogConfig: Setting CVar [[r.SceneColorFormat:4]]
[2019.12.15-18.46.21:149][  0]LogConfig: Setting CVar [[r.DetailMode:2]]
[2019.12.15-18.46.21:149][  0]LogConfig: Setting CVar [[r.TranslucencyVolumeBlur:1]]
[2019.12.15-18.46.21:149][  0]LogConfig: Setting CVar [[r.MaterialQualityLevel:1 ; High quality]]
[2019.12.15-18.46.21:149][  0]LogConfig: Setting CVar [[r.SSS.Scale:1]]
[2019.12.15-18.46.21:149][  0]LogConfig: Setting CVar [[r.SSS.SampleSet:2]]
[2019.12.15-18.46.21:149][  0]LogConfig: Setting CVar [[r.SSS.Quality:1]]
[2019.12.15-18.46.21:149][  0]LogConfig: Setting CVar [[r.SSS.HalfRes:1]]
[2019.12.15-18.46.21:149][  0]LogConfig: Setting CVar [[r.SSGI.Quality:3]]
[2019.12.15-18.46.21:149][  0]LogConfig: Setting CVar [[r.EmitterSpawnRateScale:1.0]]
[2019.12.15-18.46.21:149][  0]LogConfig: Setting CVar [[r.ParticleLightQuality:2]]
[2019.12.15-18.46.21:150][  0]LogConfig: Setting CVar [[r.SkyAtmosphere.AerialPerspectiveLUT.FastApplyOnOpaque:1 ; Always have FastSkyLUT 1 in this case to avoid wrong sky]]
[2019.12.15-18.46.21:150][  0]LogConfig: Setting CVar [[r.SkyAtmosphere.AerialPerspectiveLUT.SampleCountPerSlice:1]]
[2019.12.15-18.46.21:150][  0]LogConfig: Setting CVar [[r.SkyAtmosphere.AerialPerspectiveLUT.DepthResolution:16.0]]
[2019.12.15-18.46.21:150][  0]LogConfig: Setting CVar [[r.SkyAtmosphere.FastSkyLUT:1]]
[2019.12.15-18.46.21:150][  0]LogConfig: Setting CVar [[r.SkyAtmosphere.FastSkyLUT.SampleCountMin:4.0]]
[2019.12.15-18.46.21:150][  0]LogConfig: Setting CVar [[r.SkyAtmosphere.FastSkyLUT.SampleCountMax:32.0]]
[2019.12.15-18.46.21:150][  0]LogConfig: Setting CVar [[r.SkyAtmosphere.SampleCountMin:4.0]]
[2019.12.15-18.46.21:150][  0]LogConfig: Setting CVar [[r.SkyAtmosphere.SampleCountMax:32.0]]
[2019.12.15-18.46.21:150][  0]LogConfig: Setting CVar [[r.SkyAtmosphere.TransmittanceLUT.UseSmallFormat:0]]
[2019.12.15-18.46.21:150][  0]LogConfig: Setting CVar [[r.SkyAtmosphere.TransmittanceLUT.SampleCount:10.0]]
[2019.12.15-18.46.21:150][  0]LogConfig: Setting CVar [[r.SkyAtmosphere.MultiScatteringLUT.SampleCount:15.0]]
[2019.12.15-18.46.21:150][  0]LogConfig: Applying CVar settings from Section [FoliageQuality@3] File [C:/Users/Martina/Documents/GitHub/GameJam2019/Erfrechung/Saved/Config/Windows/Scalability.ini]
[2019.12.15-18.46.21:150][  0]LogConfig: Setting CVar [[foliage.DensityScale:1.0]]
[2019.12.15-18.46.21:150][  0]LogConfig: Setting CVar [[grass.DensityScale:1.0]]
[2019.12.15-18.46.21:150][  0]LogConfig: Applying CVar settings from Section [ShadingQuality@3] File [C:/Users/Martina/Documents/GitHub/GameJam2019/Erfrechung/Saved/Config/Windows/Scalability.ini]
[2019.12.15-18.46.21:150][  0]LogConfig: Setting CVar [[r.HairStrands.SkyLighting.SampleCount:16]]
[2019.12.15-18.46.21:150][  0]LogConfig: Setting CVar [[r.HairStrands.SkyLighting.JitterIntegration:0]]
[2019.12.15-18.46.21:150][  0]LogConfig: Setting CVar [[r.HairStrands.SkyAO.SampleCount:16]]
[2019.12.15-18.46.21:150][  0]LogConfig: Applying CVar settings from Section [Startup] File [../../../Engine/Config/ConsoleVariables.ini]
[2019.12.15-18.46.21:150][  0]LogConfig: Setting CVar [[net.UseAdaptiveNetUpdateFrequency:0]]
[2019.12.15-18.46.21:150][  0]LogConfig: Setting CVar [[p.chaos.AllowCreatePhysxBodies:1]]
[2019.12.15-18.46.21:150][  0]LogConfig: Applying CVar settings from Section [ConsoleVariables] File [C:/Users/Martina/Documents/GitHub/GameJam2019/Erfrechung/Saved/Config/Windows/Engine.ini]
[2019.12.15-18.46.21:150][  0]LogInit: Computer: DESKTOP-5NKN7L6
[2019.12.15-18.46.21:150][  0]LogInit: User: Martina
[2019.12.15-18.46.21:150][  0]LogInit: CPU Page size=4096, Cores=4
[2019.12.15-18.46.21:150][  0]LogInit: High frequency timer resolution =10.000000 MHz
[2019.12.15-18.46.21:150][  0]LogMemory: Memory total: Physical=15.9GB (16GB approx)
[2019.12.15-18.46.21:150][  0]LogMemory: Platform Memory Stats for Windows
[2019.12.15-18.46.21:150][  0]LogMemory: Process Physical Memory: 106.12 MB used, 106.12 MB peak
[2019.12.15-18.46.21:150][  0]LogMemory: Process Virtual Memory: 100.59 MB used, 100.59 MB peak
[2019.12.15-18.46.21:150][  0]LogMemory: Physical Memory: 6491.59 MB used,  9752.95 MB free, 16244.54 MB total
[2019.12.15-18.46.21:150][  0]LogMemory: Virtual Memory: 5137.46 MB used,  134212592.00 MB free, 134217728.00 MB total
[2019.12.15-18.46.21:167][  0]LogWindows: WindowsPlatformFeatures enabled
[2019.12.15-18.46.21:184][  0]LogInit: Using OS detected language (de-DE).
[2019.12.15-18.46.21:184][  0]LogInit: Using OS detected locale (de-AT).
[2019.12.15-18.46.21:185][  0]LogTextLocalizationManager: No specific localization for 'de-DE' exists, so the 'de' localization will be used.
[2019.12.15-18.46.21:185][  0]LogTextLocalizationResource: LocRes '../../../Engine/Content/Localization/Editor/de/Editor.locres' could not be opened for reading!
[2019.12.15-18.46.21:185][  0]LogTextLocalizationResource: LocRes '../../../Engine/Content/Localization/EditorTutorials/de/EditorTutorials.locres' could not be opened for reading!
[2019.12.15-18.46.21:185][  0]LogTextLocalizationResource: LocRes '../../../Engine/Content/Localization/Keywords/de/Keywords.locres' could not be opened for reading!
[2019.12.15-18.46.21:185][  0]LogTextLocalizationResource: LocRes '../../../Engine/Content/Localization/Category/de/Category.locres' could not be opened for reading!
[2019.12.15-18.46.21:186][  0]LogTextLocalizationResource: LocRes '../../../Engine/Content/Localization/ToolTips/de/ToolTips.locres' could not be opened for reading!
[2019.12.15-18.46.21:186][  0]LogTextLocalizationResource: LocRes '../../../Engine/Content/Localization/PropertyNames/de/PropertyNames.locres' could not be opened for reading!
[2019.12.15-18.46.21:186][  0]LogTextLocalizationResource: LocRes '../../../Engine/Content/Localization/Engine/de/Engine.locres' could not be opened for reading!
[2019.12.15-18.46.21:186][  0]LogInit: Setting process to per monitor DPI aware
[2019.12.15-18.46.21:226][  0]LogSlate: New Slate User Created.  User Index 0, Is Virtual User: 0
[2019.12.15-18.46.21:226][  0]LogSlate: Slate User Registered.  User Index 0, Is Virtual User: 0
[2019.12.15-18.46.21:382][  0]LogHMD: Failed to initialize OpenVR with code 110
[2019.12.15-18.46.21:382][  0]LogD3D11RHI: D3D11 min allowed feature level: 11_0
[2019.12.15-18.46.21:382][  0]LogD3D11RHI: D3D11 max allowed feature level: 11_0
[2019.12.15-18.46.21:382][  0]LogD3D11RHI: D3D11 adapters:
[2019.12.15-18.46.21:443][  0]LogD3D11RHI:    0. 'NVIDIA GeForce MX150' (Feature Level 11_0)
[2019.12.15-18.46.21:443][  0]LogD3D11RHI:       1994/0/8122 MB DedicatedVideo/DedicatedSystem/SharedSystem, Outputs:1, VendorId:0x10de
[2019.12.15-18.46.21:457][  0]LogD3D11RHI:    1. 'Intel(R) UHD Graphics 620' (Feature Level 11_0)
[2019.12.15-18.46.21:457][  0]LogD3D11RHI:       128/0/8122 MB DedicatedVideo/DedicatedSystem/SharedSystem, Outputs:0, VendorId:0x8086
[2019.12.15-18.46.21:459][  0]LogD3D11RHI:    2. 'Microsoft Basic Render Driver' (Feature Level 11_0)
[2019.12.15-18.46.21:459][  0]LogD3D11RHI:       0/0/8122 MB DedicatedVideo/DedicatedSystem/SharedSystem, Outputs:0, VendorId:0x1414
[2019.12.15-18.46.21:459][  0]LogD3D11RHI: Chosen D3D11 Adapter: 0
[2019.12.15-18.46.21:496][  0]LogD3D11RHI: Creating new Direct3DDevice
[2019.12.15-18.46.21:496][  0]LogD3D11RHI:     GPU DeviceId: 0x1d10 (for the marketing name, search the web for "GPU Device Id")
[2019.12.15-18.46.21:496][  0]LogWindows: EnumDisplayDevices:
[2019.12.15-18.46.21:496][  0]LogWindows:    0. 'Intel(R) UHD Graphics 620' (P:1 D:1)
[2019.12.15-18.46.21:496][  0]LogWindows:    1. 'Intel(R) UHD Graphics 620' (P:0 D:0)
[2019.12.15-18.46.21:497][  0]LogWindows:    2. 'Intel(R) UHD Graphics 620' (P:0 D:0)
[2019.12.15-18.46.21:497][  0]LogWindows: DebugString: PrimaryIsNotTheChoosenAdapter PrimaryIsNotTheChoosenAdapter PrimaryIsNotTheChoosenAdapter FoundDriverCount:0 
[2019.12.15-18.46.21:497][  0]LogD3D11RHI:     Adapter Name: NVIDIA GeForce MX150
[2019.12.15-18.46.21:497][  0]LogD3D11RHI:   Driver Version: Unknown (internal:Unknown, unified:Unknown)
[2019.12.15-18.46.21:497][  0]LogD3D11RHI:      Driver Date: Unknown
[2019.12.15-18.46.21:497][  0]LogRHI: Texture pool is 1396 MB (70% of 1994 MB)
[2019.12.15-18.46.21:527][  0]LogD3D11RHI: RHI has support for 64 bit atomics
[2019.12.15-18.46.21:527][  0]LogD3D11RHI: Async texture creation enabled
[2019.12.15-18.46.21:544][  0]LogD3D11RHI: GPU Timing Frequency: 1000.000000 (Debug: 2 2)
[2019.12.15-18.46.21:877][  0]LogTargetPlatformManager: Display: Loaded TargetPlatform 'AllDesktop'
[2019.12.15-18.46.21:907][  0]LogTargetPlatformManager: Display: Loaded TargetPlatform 'Android'
[2019.12.15-18.46.21:907][  0]LogTargetPlatformManager: Display: Loaded TargetPlatform 'Android_ASTC'
[2019.12.15-18.46.21:907][  0]LogTargetPlatformManager: Display: Loaded TargetPlatform 'Android_ATC'
[2019.12.15-18.46.21:907][  0]LogTargetPlatformManager: Display: Loaded TargetPlatform 'Android_DXT'
[2019.12.15-18.46.21:907][  0]LogTargetPlatformManager: Display: Loaded TargetPlatform 'Android_ETC1'
[2019.12.15-18.46.21:907][  0]LogTargetPlatformManager: Display: Loaded TargetPlatform 'Android_ETC1a'
[2019.12.15-18.46.21:907][  0]LogTargetPlatformManager: Display: Loaded TargetPlatform 'Android_ETC2'
[2019.12.15-18.46.21:907][  0]LogTargetPlatformManager: Display: Loaded TargetPlatform 'Android_PVRTC'
[2019.12.15-18.46.21:907][  0]LogTargetPlatformManager: Display: Loaded TargetPlatform 'AndroidClient'
[2019.12.15-18.46.21:907][  0]LogTargetPlatformManager: Display: Loaded TargetPlatform 'Android_ASTCClient'
[2019.12.15-18.46.21:907][  0]LogTargetPlatformManager: Display: Loaded TargetPlatform 'Android_ATCClient'
[2019.12.15-18.46.21:907][  0]LogTargetPlatformManager: Display: Loaded TargetPlatform 'Android_DXTClient'
[2019.12.15-18.46.21:907][  0]LogTargetPlatformManager: Display: Loaded TargetPlatform 'Android_ETC1Client'
[2019.12.15-18.46.21:907][  0]LogTargetPlatformManager: Display: Loaded TargetPlatform 'Android_ETC1aClient'
[2019.12.15-18.46.21:907][  0]LogTargetPlatformManager: Display: Loaded TargetPlatform 'Android_ETC2Client'
[2019.12.15-18.46.21:908][  0]LogTargetPlatformManager: Display: Loaded TargetPlatform 'Android_PVRTCClient'
[2019.12.15-18.46.21:908][  0]LogTargetPlatformManager: Display: Loaded TargetPlatform 'Android_Multi'
[2019.12.15-18.46.21:908][  0]LogTargetPlatformManager: Display: Loaded TargetPlatform 'Android_MultiClient'
[2019.12.15-18.46.21:925][  0]LogTargetPlatformManager: Display: Loaded TargetPlatform 'IOSClient'
[2019.12.15-18.46.21:925][  0]LogTargetPlatformManager: Display: Loaded TargetPlatform 'IOS'
[2019.12.15-18.46.21:933][  0]LogTargetPlatformManager: Display: Loaded TargetPlatform 'LinuxNoEditor'
[2019.12.15-18.46.21:940][  0]LogTargetPlatformManager: Display: Loaded TargetPlatform 'LinuxClient'
[2019.12.15-18.46.21:947][  0]LogTargetPlatformManager: Display: Loaded TargetPlatform 'LinuxServer'
[2019.12.15-18.46.21:956][  0]LogTargetPlatformManager: Display: Loaded TargetPlatform 'LinuxAArch64NoEditor'
[2019.12.15-18.46.21:963][  0]LogTargetPlatformManager: Display: Loaded TargetPlatform 'LinuxAArch64Client'
[2019.12.15-18.46.21:970][  0]LogTargetPlatformManager: Display: Loaded TargetPlatform 'LinuxAArch64Server'
[2019.12.15-18.46.21:996][  0]LogTargetPlatformManager: Display: Loaded TargetPlatform 'Lumin'
[2019.12.15-18.46.21:996][  0]LogTargetPlatformManager: Display: Loaded TargetPlatform 'LuminClient'
[2019.12.15-18.46.22:010][  0]LogTargetPlatformManager: Display: Loaded TargetPlatform 'TVOSClient'
[2019.12.15-18.46.22:010][  0]LogTargetPlatformManager: Display: Loaded TargetPlatform 'TVOS'
[2019.12.15-18.46.22:018][  0]LogTargetPlatformManager: Display: Loaded TargetPlatform 'WindowsNoEditor'
[2019.12.15-18.46.22:026][  0]LogTargetPlatformManager: Display: Loaded TargetPlatform 'Windows'
[2019.12.15-18.46.22:035][  0]LogTargetPlatformManager: Display: Loaded TargetPlatform 'WindowsClient'
[2019.12.15-18.46.22:043][  0]LogTargetPlatformManager: Display: Loaded TargetPlatform 'WindowsServer'
[2019.12.15-18.46.22:043][  0]LogTargetPlatformManager: Display: Building Assets For Windows
[2019.12.15-18.46.22:045][  0]LogAudioDebug: Display: Lib vorbis DLL was dynamically loaded.
[2019.12.15-18.46.22:069][  0]LogShaderCompilers: Guid format shader working directory is -23 characters bigger than the processId version (../../../../../../Users/Martina/Documents/GitHub/GameJam2019/Erfrechung/Intermediate/Shaders/WorkingDirectory/5936/).
[2019.12.15-18.46.22:069][  0]LogShaderCompilers: Cleaned the shader compiler working directory 'C:/Users/Martina/AppData/Local/Temp/UnrealShaderWorkingDir/45CE3ED643F23758DDFE99B785B3A856/'.
[2019.12.15-18.46.22:070][  0]LogXGEController: Cannot use XGE Controller as Incredibuild is not installed on this machine.
[2019.12.15-18.46.22:070][  0]LogShaderCompilers: Cannot use XGE Shader Compiler as Incredibuild is not installed on this machine.
[2019.12.15-18.46.22:070][  0]LogShaderCompilers: Display: Using Local Shader Compiler.
[2019.12.15-18.46.22:774][  0]LogDerivedDataCache: Display: Max Cache Size: 512 MB
[2019.12.15-18.46.22:826][  0]LogDerivedDataCache: Loaded boot cache 0.05s 78MB C:/Users/Martina/AppData/Local/UnrealEngine/4.24/DerivedDataCache/Boot.ddc.
[2019.12.15-18.46.22:826][  0]LogDerivedDataCache: Display: Loaded Boot cache: C:/Users/Martina/AppData/Local/UnrealEngine/4.24/DerivedDataCache/Boot.ddc
[2019.12.15-18.46.22:826][  0]LogDerivedDataCache: FDerivedDataBackendGraph:  Pak pak cache file ../../../../../../Users/Martina/Documents/GitHub/GameJam2019/Erfrechung/DerivedDataCache/DDC.ddp not found, will not use a pak cache.
[2019.12.15-18.46.22:826][  0]LogDerivedDataCache: Unable to find inner node Pak for hierarchical cache Hierarchy.
[2019.12.15-18.46.22:826][  0]LogDerivedDataCache: FDerivedDataBackendGraph:  CompressedPak pak cache file ../../../../../../Users/Martina/Documents/GitHub/GameJam2019/Erfrechung/DerivedDataCache/Compressed.ddp not found, will not use a pak cache.
[2019.12.15-18.46.22:827][  0]LogDerivedDataCache: Unable to find inner node CompressedPak for hierarchical cache Hierarchy.
[2019.12.15-18.46.22:837][  0]LogDerivedDataCache: Display: Pak cache opened for reading ../../../Engine/DerivedDataCache/Compressed.ddp.
[2019.12.15-18.46.22:837][  0]LogDerivedDataCache: FDerivedDataBackendGraph:  EnterprisePak pak cache file ../../../Enterprise/DerivedDataCache/Compressed.ddp not found, will not use a pak cache.
[2019.12.15-18.46.22:837][  0]LogDerivedDataCache: Unable to find inner node EnterprisePak for hierarchical cache Hierarchy.
[2019.12.15-18.46.22:838][  0]LogDerivedDataCache: Using Local data cache path C:/Users/Martina/AppData/Local/UnrealEngine/Common/DerivedDataCache: Writable
[2019.12.15-18.46.22:838][  0]LogDerivedDataCache: Shared data cache path not found in *engine.ini, will not use an Shared cache.
[2019.12.15-18.46.22:838][  0]LogDerivedDataCache: Unable to find inner node Shared for hierarchical cache Hierarchy.
[2019.12.15-18.46.22:863][  0]LogMaterial: Verifying Global Shaders for PCD3D_SM5
[2019.12.15-18.46.22:866][  0]LogSlate: Using FreeType 2.10.0
[2019.12.15-18.46.22:866][  0]LogSlate: SlateFontServices - WITH_FREETYPE: 1, WITH_HARFBUZZ: 1
[2019.12.15-18.46.22:914][  0]LogAssetRegistry: FAssetRegistry took 0.0025 seconds to start up
[2019.12.15-18.46.23:202][  0]LogInit: Selected Device Profile: [Windows]
[2019.12.15-18.46.23:360][  0]LogMeshReduction: Using QuadricMeshReduction for automatic static mesh reduction
[2019.12.15-18.46.23:360][  0]LogMeshReduction: Using SimplygonMeshReduction for automatic skeletal mesh reduction
[2019.12.15-18.46.23:360][  0]LogMeshReduction: Using ProxyLODMeshReduction for automatic mesh merging
[2019.12.15-18.46.23:360][  0]LogMeshReduction: No distributed automatic mesh merging module available
[2019.12.15-18.46.23:360][  0]LogMeshMerging: No distributed automatic mesh merging module available
[2019.12.15-18.46.23:372][  0]LogNetVersion: Erfrechung 1.0.0, NetCL: 10570792, EngineNetVer: 13, GameNetVer: 0 (Checksum: 4269343926)
[2019.12.15-18.46.24:416][  0]LogPackageLocalizationCache: Processed 10 localized package path(s) for 1 prioritized culture(s) in 0.035944 seconds
[2019.12.15-18.46.24:424][  0]LogUObjectArray: 46750 objects as part of root set at end of initial load.
[2019.12.15-18.46.24:424][  0]LogUObjectAllocator: 8137160 out of 0 bytes used by permanent object pool.
[2019.12.15-18.46.24:424][  0]LogUObjectArray: CloseDisregardForGC: 0/0 objects in disregard for GC pool
[2019.12.15-18.46.24:856][  0]LogTcpMessaging: Initializing TcpMessaging bridge
[2019.12.15-18.46.24:860][  0]LogUdpMessaging: Initializing bridge on interface 0.0.0.0:0 to multicast group 230.0.0.1:6666.
[2019.12.15-18.46.24:913][  0]SourceControl: Source control is disabled
[2019.12.15-18.46.24:913][  0]SourceControl: Source control is disabled
[2019.12.15-18.46.24:914][  0]SourceControl: Source control is disabled
[2019.12.15-18.46.24:915][  0]SourceControl: Source control is disabled
[2019.12.15-18.46.24:917][  0]SourceControl: Source control is disabled
[2019.12.15-18.46.24:928][  0]LogVSAccessor: Display: Unable to create Visual Studio setup instance: 80040154
[2019.12.15-18.46.24:929][  0]LogVSAccessor: Display: Unable to create Visual Studio setup instance: 80040154
[2019.12.15-18.46.25:010][  0]LogAndroidPermission: UAndroidPermissionCallbackProxy::GetInstance
[2019.12.15-18.46.25:024][  0]LogAudioCaptureCore: Display: No Audio Capture implementations found. Audio input will be silent.
[2019.12.15-18.46.25:024][  0]LogAudioCaptureCore: Display: No Audio Capture implementations found. Audio input will be silent.
[2019.12.15-18.46.25:109][  0]LogOcInput: OculusInput pre-init called
[2019.12.15-18.46.25:116][  0]LogWindows: Failed to load 'OVRPlugin.dll' (GetLastError=126)
[2019.12.15-18.46.25:116][  0]LogWindows: File 'OVRPlugin.dll' does not exist
[2019.12.15-18.46.25:184][  0]LogEngine: Initializing Engine...
[2019.12.15-18.46.25:184][  0]LogHMD: Failed to initialize OpenVR with code 110
[2019.12.15-18.46.25:185][  0]LogStats: UGameplayTagsManager::InitializeManager -  0.000 s
[2019.12.15-18.46.25:531][  0]LogInit: Initializing FReadOnlyCVARCache
[2019.12.15-18.46.25:539][  0]LogAIModule: Creating AISystem for world Untitled
[2019.12.15-18.46.25:550][  0]LogAudioMixer: Display: Audio Mixer Platform Settings:
[2019.12.15-18.46.25:550][  0]LogAudioMixer: Display: 	Sample Rate:						  48000
[2019.12.15-18.46.25:551][  0]LogAudioMixer: Display: 	Callback Buffer Frame Size Requested: 256
[2019.12.15-18.46.25:551][  0]LogAudioMixer: Display: 	Callback Buffer Frame Size To Use:	  256
[2019.12.15-18.46.25:551][  0]LogAudioMixer: Display: 	Number of buffers to queue:			  7
[2019.12.15-18.46.25:551][  0]LogAudioMixer: Display: 	Max Channels (voices):				  32
[2019.12.15-18.46.25:551][  0]LogAudioMixer: Display: 	Number of Async Source Workers:		  0
[2019.12.15-18.46.25:551][  0]LogAudio: Display: AudioDevice MaxSources: 32
[2019.12.15-18.46.25:551][  0]LogAudio: Display: Using built-in audio occlusion.
[2019.12.15-18.46.25:551][  0]LogAudioMixer: Display: Initializing audio mixer.
[2019.12.15-18.46.25:564][  0]LogAudioMixer: Display: Audio Device Output Speaker Info:
[2019.12.15-18.46.25:564][  0]LogAudioMixer: Display: Name: Speakers (Realtek High Definition Audio)
[2019.12.15-18.46.25:564][  0]LogAudioMixer: Display: Is Default: Yes
[2019.12.15-18.46.25:564][  0]LogAudioMixer: Display: Sample Rate: 48000
[2019.12.15-18.46.25:564][  0]LogAudioMixer: Display: Channel Count Used: 2
[2019.12.15-18.46.25:564][  0]LogAudioMixer: Display: Device Channel Count: 2
[2019.12.15-18.46.25:564][  0]LogAudioMixer: Display: Channel Order:
[2019.12.15-18.46.25:564][  0]LogAudioMixer: Display: 0: FrontLeft
[2019.12.15-18.46.25:564][  0]LogAudioMixer: Display: 1: FrontRight
[2019.12.15-18.46.25:628][  0]LogAudioMixer: Display: Using Audio Device Speakers (Realtek High Definition Audio)
[2019.12.15-18.46.25:630][  0]LogInit: FAudioDevice initialized.
[2019.12.15-18.46.25:631][  0]LogNetVersion: Set ProjectVersion to 1.0.0.0. Version Checksum will be recalculated on next use.
[2019.12.15-18.46.25:752][  0]LogDerivedDataCache: Saved boot cache 0.12s 78MB C:/Users/Martina/AppData/Local/UnrealEngine/4.24/DerivedDataCache/Boot.ddc.
[2019.12.15-18.46.25:752][  0]LogInit: Texture streaming: Enabled
[2019.12.15-18.46.25:762][  0]LogEngineSessionManager: EngineSessionManager initialized
[2019.12.15-18.46.25:762][  0]LogEditorSessionSummary: Verbose: Initializing EditorSessionSummaryWriter for editor session tracking
[2019.12.15-18.46.25:764][  0]LogEditorSessionSummary: EditorSessionSummaryWriter initialized
[2019.12.15-18.46.25:806][  0]LogInit: Transaction tracking system initialized
[2019.12.15-18.46.25:818][  0]BlueprintLog: New page: Editor Load
[2019.12.15-18.46.25:858][  0]LocalizationService: Localization service is disabled
[2019.12.15-18.46.25:921][  0]LogVSAccessor: Display: Unable to create Visual Studio setup instance: 80040154
[2019.12.15-18.46.25:922][  0]LogVSAccessor: Display: Unable to create Visual Studio setup instance: 80040154
[2019.12.15-18.46.26:192][  0]LogFileCache: Scanning file cache for directory 'C:/Users/Martina/Documents/GitHub/GameJam2019/Erfrechung/Content/' took 0.01s
[2019.12.15-18.46.26:192][  0]LogCook: Display: Max memory allowance for cook 16384mb min free memory 0mb
[2019.12.15-18.46.26:192][  0]LogCook: Display: Mobile HDR setting 1
[2019.12.15-18.46.26:818][  0]SourceControl: Source control is disabled
[2019.12.15-18.46.26:818][  0]Cmd: MAP LOAD FILE="../../../../../../Users/Martina/Documents/GitHub/GameJam2019/Erfrechung/Content/Levels/Main.umap" TEMPLATE=0 SHOWPROGRESS=1 FEATURELEVEL=3
[2019.12.15-18.46.26:818][  0]LightingResults: New page: Lighting Build
[2019.12.15-18.46.26:819][  0]LogWorld: UWorld::CleanupWorld for Untitled, bSessionEnded=true, bCleanupResources=true
[2019.12.15-18.46.26:819][  0]LogSlate: InvalidateAllWidgets triggered.  All widgets were invalidated
[2019.12.15-18.46.26:819][  0]MapCheck: New page: Map Check
[2019.12.15-18.46.26:819][  0]LightingResults: New page: Lighting Build
[2019.12.15-18.46.26:846][  0]LogUObjectHash: Compacting FUObjectHashTables data took   1.72ms
[2019.12.15-18.46.26:999][  0]LogLinker: Warning: While loading '../../../../../../Users/Martina/Documents/GitHub/GameJam2019/Erfrechung/Content/Levels/PinguinGame/Blueprints/BP_Pinguin.uasset' failed to load '/Game/Materials/Tree': Can't find file.
[2019.12.15-18.46.26:999][  0]LogLinker: Warning: While loading '../../../../../../Users/Martina/Documents/GitHub/GameJam2019/Erfrechung/Content/Levels/PinguinGame/Blueprints/BP_Pinguin.uasset' failed to load '/Game/Materials/Tree': Can't find file.
[2019.12.15-18.46.27:003][  0]LogLinker: Warning: While loading '../../../../../../Users/Martina/Documents/GitHub/GameJam2019/Erfrechung/Content/Levels/PinguinGame/Blueprints/BP_Pinguin.uasset' failed to load '/Game/Materials/Tree': Can't find file.
[2019.12.15-18.46.27:004][  0]LogLinker: Warning: While loading '../../../../../../Users/Martina/Documents/GitHub/GameJam2019/Erfrechung/Content/Levels/PinguinGame/Blueprints/BP_Pinguin.uasset' failed to load '/Game/Materials/Tree': Can't find file.
[2019.12.15-18.46.27:005][  0]LogLinker: Warning: While loading '../../../../../../Users/Martina/Documents/GitHub/GameJam2019/Erfrechung/Content/Levels/PinguinGame/Blueprints/BP_IceFloe.uasset' failed to load '/Game/Materials/Tree': Can't find file.
[2019.12.15-18.46.27:005][  0]LogLinker: Warning: While loading '../../../../../../Users/Martina/Documents/GitHub/GameJam2019/Erfrechung/Content/Levels/PinguinGame/Blueprints/BP_IceFloe.uasset' failed to load '/Game/Materials/Tree': Can't find file.
[2019.12.15-18.46.27:005][  0]LogLinker: Warning: While loading '../../../../../../Users/Martina/Documents/GitHub/GameJam2019/Erfrechung/Content/Levels/PinguinGame/Blueprints/BP_IceFloe.uasset' failed to load '/Game/Materials/Tree': Can't find file.
[2019.12.15-18.46.27:006][  0]LogLinker: Warning: While loading '../../../../../../Users/Martina/Documents/GitHub/GameJam2019/Erfrechung/Content/Levels/PinguinGame/Blueprints/BP_IceFloe.uasset' failed to load '/Game/Materials/Tree': Can't find file.
[2019.12.15-18.46.27:010][  0]LogLinker: Warning: While loading '../../../../../../Users/Martina/Documents/GitHub/GameJam2019/Erfrechung/Content/Levels/PinguinGame/Blueprints/BP_IceFloe.uasset' failed to load '/Game/Materials/Tree': Can't find file.
[2019.12.15-18.46.27:010][  0]LoadErrors: Failed to load /Game/Materials/Tree.Tree Referenced by Pinguin_GEN_VARIABLE
[2019.12.15-18.46.27:010][  0]LogLinker: Warning: While loading '../../../../../../Users/Martina/Documents/GitHub/GameJam2019/Erfrechung/Content/Levels/PinguinGame/Blueprints/BP_IceFloe.uasset' failed to load '/Game/Materials/Tree': Can't find file.
[2019.12.15-18.46.27:010][  0]LoadErrors: Failed to load /Game/Materials/Tree.Tree Referenced by Pinguin_GEN_VARIABLE
[2019.12.15-18.46.27:010][  0]LogLinker: Warning: While loading '../../../../../../Users/Martina/Documents/GitHub/GameJam2019/Erfrechung/Content/Levels/PinguinGame/Blueprints/BP_IceFloe.uasset' failed to load '/Game/Materials/Tree': Can't find file.
[2019.12.15-18.46.27:010][  0]LoadErrors: Failed to load /Game/Materials/Tree.Tree Referenced by Pinguin_GEN_VARIABLE
[2019.12.15-18.46.27:010][  0]LogLinker: Warning: While loading '../../../../../../Users/Martina/Documents/GitHub/GameJam2019/Erfrechung/Content/Levels/PinguinGame/Blueprints/BP_IceFloe.uasset' failed to load '/Game/Materials/Tree': Can't find file.
[2019.12.15-18.46.27:010][  0]LoadErrors: Failed to load /Game/Materials/Tree.Tree Referenced by Pinguin_GEN_VARIABLE
[2019.12.15-18.46.27:011][  0]LogLinker: Warning: While loading '../../../../../../Users/Martina/Documents/GitHub/GameJam2019/Erfrechung/Content/Levels/PinguinGame/Blueprints/BP_IceFloe.uasset' failed to load '/Game/Materials/Tree': Can't find file.
[2019.12.15-18.46.27:011][  0]LoadErrors: Failed to load /Game/Materials/Tree.Tree Referenced by Pinguin_GEN_VARIABLE
[2019.12.15-18.46.27:011][  0]LogLinker: Warning: While loading '../../../../../../Users/Martina/Documents/GitHub/GameJam2019/Erfrechung/Content/Levels/PinguinGame/Blueprints/BP_IceFloe.uasset' failed to load '/Game/Materials/Tree': Can't find file.
[2019.12.15-18.46.27:011][  0]LoadErrors: Failed to load /Game/Materials/Tree.Tree Referenced by Pinguin_GEN_VARIABLE
[2019.12.15-18.46.27:011][  0]LogLinker: Warning: While loading '../../../../../../Users/Martina/Documents/GitHub/GameJam2019/Erfrechung/Content/Levels/PinguinGame/Blueprints/BP_IceFloe.uasset' failed to load '/Game/Materials/Tree': Can't find file.
[2019.12.15-18.46.27:011][  0]LoadErrors: Failed to load /Game/Materials/Tree.Tree Referenced by Pinguin_GEN_VARIABLE
[2019.12.15-18.46.27:011][  0]LogLinker: Warning: While loading '../../../../../../Users/Martina/Documents/GitHub/GameJam2019/Erfrechung/Content/Levels/PinguinGame/Blueprints/BP_IceFloe.uasset' failed to load '/Game/Materials/Tree': Can't find file.
[2019.12.15-18.46.27:011][  0]LoadErrors: Failed to load /Game/Materials/Tree.Tree Referenced by Pinguin_GEN_VARIABLE
[2019.12.15-18.46.27:011][  0]LogLinker: Warning: While loading '../../../../../../Users/Martina/Documents/GitHub/GameJam2019/Erfrechung/Content/Levels/PinguinGame/Blueprints/BP_IceFloe.uasset' failed to load '/Game/Materials/Tree': Can't find file.
[2019.12.15-18.46.27:011][  0]LoadErrors: Failed to load /Game/Materials/Tree.Tree Referenced by Pinguin_GEN_VARIABLE
[2019.12.15-18.46.27:012][  0]LogLinker: Warning: While loading '../../../../../../Users/Martina/Documents/GitHub/GameJam2019/Erfrechung/Content/Levels/PinguinGame/Blueprints/BP_IceFloe.uasset' failed to load '/Game/Materials/Tree': Can't find file.
[2019.12.15-18.46.27:012][  0]LoadErrors: Failed to load /Game/Materials/Tree.Tree Referenced by Pinguin_GEN_VARIABLE
[2019.12.15-18.46.27:012][  0]LogLinker: Warning: While loading '../../../../../../Users/Martina/Documents/GitHub/GameJam2019/Erfrechung/Content/Levels/PinguinGame/Blueprints/BP_IceFloe.uasset' failed to load '/Game/Materials/Tree': Can't find file.
[2019.12.15-18.46.27:012][  0]LoadErrors: Failed to load /Game/Materials/Tree.Tree Referenced by LeftWing_GEN_VARIABLE
[2019.12.15-18.46.27:012][  0]LogLinker: Warning: While loading '../../../../../../Users/Martina/Documents/GitHub/GameJam2019/Erfrechung/Content/Levels/PinguinGame/Blueprints/BP_IceFloe.uasset' failed to load '/Game/Materials/Tree': Can't find file.
[2019.12.15-18.46.27:012][  0]LoadErrors: Failed to load /Game/Materials/Tree.Tree Referenced by LeftWing_GEN_VARIABLE
[2019.12.15-18.46.27:013][  0]LogLinker: Warning: While loading '../../../../../../Users/Martina/Documents/GitHub/GameJam2019/Erfrechung/Content/Levels/PinguinGame/Blueprints/BP_IceFloe.uasset' failed to load '/Game/Materials/Tree': Can't find file.
[2019.12.15-18.46.27:013][  0]LoadErrors: Failed to load /Game/Materials/Tree.Tree Referenced by RightWing_GEN_VARIABLE
[2019.12.15-18.46.27:013][  0]LogLinker: Warning: While loading '../../../../../../Users/Martina/Documents/GitHub/GameJam2019/Erfrechung/Content/Levels/PinguinGame/Blueprints/BP_IceFloe.uasset' failed to load '/Game/Materials/Tree': Can't find file.
[2019.12.15-18.46.27:013][  0]LoadErrors: Failed to load /Game/Materials/Tree.Tree Referenced by RightWing_GEN_VARIABLE
[2019.12.15-18.46.27:234][  0]LogAIModule: Creating AISystem for world Main
[2019.12.15-18.46.27:241][  0]LogStreaming: Display: ULevelStreaming::RequestLevel(/Game/Levels/PinguinGame/PinguinLevel) is flushing async loading
[2019.12.15-18.46.27:241][  0]LogStreaming: Display: Flushing async loaders.
[2019.12.15-18.46.27:242][  0]LogLinker: Warning: Failed to load '/Game/Levels/PinguinGame/PinguinLevel_BuiltData': Can't find file.
[2019.12.15-18.46.27:242][  0]LogLinker: Warning: Failed to load '/Game/Levels/PinguinGame/PinguinLevel_BuiltData': Can't find file.
[2019.12.15-18.46.27:246][  0]LogLinker: Warning: Failed to load '/Game/Levels/PinguinGame/PinguinLevel_BuiltData': Can't find file.
[2019.12.15-18.46.27:246][  0]LogLinker: Warning: Failed to load '/Game/Levels/PinguinGame/PinguinLevel_BuiltData': Can't find file.
[2019.12.15-18.46.27:248][  0]LogLinker: Warning: Failed to load '/Game/Levels/PinguinGame/PinguinLevel_BuiltData': Can't find file.
[2019.12.15-18.46.27:249][  0]LogLinker: Warning: Failed to load '/Game/Levels/PinguinGame/PinguinLevel_BuiltData': Can't find file.
[2019.12.15-18.46.27:249][  0]LogLinker: Warning: Failed to load '/Game/Levels/PinguinGame/PinguinLevel_BuiltData': Can't find file.
[2019.12.15-18.46.27:249][  0]LogLinker: Warning: Failed to load '/Game/Levels/PinguinGame/PinguinLevel_BuiltData': Can't find file.
[2019.12.15-18.46.27:249][  0]LogLinker: Warning: Failed to load '/Game/Levels/PinguinGame/PinguinLevel_BuiltData': Can't find file.
[2019.12.15-18.46.27:250][  0]LogLinker: Warning: Failed to load '/Game/Levels/PinguinGame/PinguinLevel_BuiltData': Can't find file.
[2019.12.15-18.46.27:250][  0]LogLinker: Warning: Failed to load '/Game/Levels/PinguinGame/PinguinLevel_BuiltData': Can't find file.
[2019.12.15-18.46.27:250][  0]LogLinker: Warning: Failed to load '/Game/Levels/PinguinGame/PinguinLevel_BuiltData': Can't find file.
[2019.12.15-18.46.27:253][  0]LogLinker: Warning: While loading '../../../../../../Users/Martina/Documents/GitHub/GameJam2019/Erfrechung/Content/Levels/PinguinGame/PinguinLevel.umap' failed to load '/Game/Levels/PinguinGame/PinguinLevel_BuiltData': Can't find file.
[2019.12.15-18.46.27:254][  0]LoadErrors: Failed to load /Game/Levels/PinguinGame/PinguinLevel_BuiltData.PinguinLevel_BuiltData Referenced by PersistentLevel
[2019.12.15-18.46.27:254][  0]LogLinker: Warning: While loading '../../../../../../Users/Martina/Documents/GitHub/GameJam2019/Erfrechung/Content/Levels/PinguinGame/PinguinLevel.umap' failed to load '/Game/Levels/PinguinGame/PinguinLevel_BuiltData': Can't find file.
[2019.12.15-18.46.27:254][  0]LoadErrors: Failed to load /Game/Levels/PinguinGame/PinguinLevel_BuiltData.PinguinLevel_BuiltData Referenced by PersistentLevel
[2019.12.15-18.46.27:283][  0]LogStreaming: Display: ULevelStreaming::RequestLevel(/Game/Levels/FishGame/FishLevel) is flushing async loading
[2019.12.15-18.46.27:284][  0]LogLinker: Warning: Failed to load '/Game/Levels/FishGame/BP_FishLevelGameMode': Can't find file.
[2019.12.15-18.46.27:284][  0]LogLinker: Warning: Failed to load '/Game/Levels/FishGame/BP_FishLevelGameMode': Can't find file.
[2019.12.15-18.46.27:304][  0]LogLinker: Warning: Failed to load '/Game/Levels/FishGame/BP_FishLevelGameMode': Can't find file.
[2019.12.15-18.46.27:304][  0]LogLinker: Warning: Failed to load '/Game/Levels/FishGame/BP_FishLevelGameMode': Can't find file.
[2019.12.15-18.46.27:305][  0]LogLinker: Warning: Failed to load '/Game/Levels/FishGame/BP_FishLevelGameMode': Can't find file.
[2019.12.15-18.46.27:305][  0]LogLinker: Warning: Failed to load '/Game/Levels/FishGame/BP_FishLevelGameMode': Can't find file.
[2019.12.15-18.46.27:305][  0]LogLinker: Warning: Failed to load '/Game/Levels/FishGame/BP_FishLevelGameMode': Can't find file.
[2019.12.15-18.46.27:305][  0]LogLinker: Warning: Failed to load '/Game/Levels/FishGame/BP_FishLevelGameMode': Can't find file.
[2019.12.15-18.46.27:306][  0]LogLinker: Warning: Failed to load '/Game/Levels/FishGame/BP_FishLevelGameMode': Can't find file.
[2019.12.15-18.46.27:306][  0]LogLinker: Warning: Failed to load '/Game/Levels/FishGame/BP_FishLevelGameMode': Can't find file.
[2019.12.15-18.46.27:306][  0]LogLinker: Warning: Failed to load '/Game/Levels/FishGame/BP_FishLevelGameMode': Can't find file.
[2019.12.15-18.46.27:306][  0]LogLinker: Warning: Failed to load '/Game/Levels/FishGame/BP_FishLevelGameMode': Can't find file.
[2019.12.15-18.46.27:319][  0]LogLinker: Warning: While loading '../../../../../../Users/Martina/Documents/GitHub/GameJam2019/Erfrechung/Content/Levels/FishGame/FishLevel.umap' failed to load '/Game/Levels/FishGame/BP_FishLevelGameMode': Can't find file.
[2019.12.15-18.46.27:319][  0]LoadErrors: Failed to load /Game/Levels/FishGame/BP_FishLevelGameMode.BP_FishLevelGameMode_C Referenced by WorldSettings
[2019.12.15-18.46.27:319][  0]LogLinker: Warning: While loading '../../../../../../Users/Martina/Documents/GitHub/GameJam2019/Erfrechung/Content/Levels/FishGame/FishLevel.umap' failed to load '/Game/Levels/FishGame/BP_FishLevelGameMode': Can't find file.
[2019.12.15-18.46.27:319][  0]LoadErrors: Failed to load /Game/Levels/FishGame/BP_FishLevelGameMode.BP_FishLevelGameMode_C Referenced by WorldSettings
[2019.12.15-18.46.27:332][  0]LogEditorServer: Finished looking for orphan Actors (0.000 secs)
[2019.12.15-18.46.27:361][  0]LogUObjectHash: Compacting FUObjectHashTables data took   2.37ms
[2019.12.15-18.46.27:361][  0]Cmd: MAP CHECKDEP NOCLEARLOG
[2019.12.15-18.46.27:361][  0]MapCheck: Map check complete: 0 Error(s), 0 Warning(s), took 0,23ms to complete.
[2019.12.15-18.46.27:361][  0]LogFileHelpers: Loading map 'Main' took 0.543
[2019.12.15-18.46.27:520][  0]LogSlate: Updating window title bar state: overlay mode, drag disabled, window buttons hidden, title bar hidden
[2019.12.15-18.46.27:528][  0]LogSlate: Updating window title bar state: overlay mode, drag disabled, window buttons hidden, title bar hidden
[2019.12.15-18.46.27:536][  0]LogSlate: Updating window title bar state: overlay mode, drag disabled, window buttons hidden, title bar hidden
[2019.12.15-18.46.27:542][  0]LogSlate: Updating window title bar state: overlay mode, drag disabled, window buttons hidden, title bar hidden
[2019.12.15-18.46.27:547][  0]LogCollectionManager: Loaded 0 collections in 0.001819 seconds
[2019.12.15-18.46.27:559][  0]LogFileCache: Scanning file cache for directory 'C:/Users/Martina/Documents/GitHub/GameJam2019/Erfrechung/Saved/Collections/' took 0.00s
[2019.12.15-18.46.27:559][  0]LogFileCache: Scanning file cache for directory 'C:/Users/Martina/Documents/GitHub/GameJam2019/Erfrechung/Content/Developers/Martina/Collections/' took 0.00s
[2019.12.15-18.46.27:559][  0]LogFileCache: Scanning file cache for directory 'C:/Users/Martina/Documents/GitHub/GameJam2019/Erfrechung/Content/Collections/' took 0.00s
[2019.12.15-18.46.27:559][  0]LogContentBrowser: Native class hierarchy populated in 0.0081 seconds. Added 3015 classes and 717 folders.
[2019.12.15-18.46.27:562][  0]LogContentBrowser: Native class hierarchy updated for 'WidgetCarousel' in 0.0003 seconds. Added 0 classes and 0 folders.
[2019.12.15-18.46.27:611][  0]LogContentBrowser: Native class hierarchy updated for 'AddContentDialog' in 0.0003 seconds. Added 0 classes and 0 folders.
[2019.12.15-18.46.27:615][  0]LogContentBrowser: Native class hierarchy updated for 'SceneOutliner' in 0.0004 seconds. Added 2 classes and 3 folders.
[2019.12.15-18.46.27:666][  0]LogSlate: Took 0.000232 seconds to synchronously load lazily loaded font '../../../Engine/Content/Slate/Fonts/Roboto-Regular.ttf' (155K)
[2019.12.15-18.46.27:668][  0]LogSlate: Took 0.000281 seconds to synchronously load lazily loaded font '../../../Engine/Content/Slate/Fonts/Roboto-Bold.ttf' (160K)
[2019.12.15-18.46.27:673][  0]LogSlate: Took 0.000167 seconds to synchronously load lazily loaded font '../../../Engine/Content/Editor/Slate/Fonts/FontAwesome.ttf' (139K)
[2019.12.15-18.46.27:757][  0]LogRenderer: Reallocating scene render targets to support 1076x572 Format 10 NumSamples 1 (Frame:1).
[2019.12.15-18.46.27:805][  0]LogSlate: Took 0.000104 seconds to synchronously load lazily loaded font '../../../Engine/Content/Slate/Fonts/Roboto-Light.ttf' (167K)
[2019.12.15-18.46.27:847][  0]LogContentBrowser: Native class hierarchy updated for 'HierarchicalLODOutliner' in 0.0003 seconds. Added 0 classes and 0 folders.
[2019.12.15-18.46.27:847][  0]LogLoad: (Engine Initialization) Total time: 7.85 seconds
[2019.12.15-18.46.27:847][  0]LogLoad: (Engine Initialization) Total Blueprint compile time: 0.00 seconds
[2019.12.15-18.46.27:911][  0]LogAssetRegistry: Asset discovery search completed in 4.9979 seconds
[2019.12.15-18.46.27:914][  0]LogCollectionManager: Fixed up redirectors for 0 collections in 0.000017 seconds (updated 0 objects)
[2019.12.15-18.46.27:952][  0]LogContentStreaming: Texture pool size now 1000 MB
[2019.12.15-18.46.27:972][  1]LogFileCache: Retrieving MD5 hashes for directory 'C:/Users/Martina/Documents/GitHub/GameJam2019/Erfrechung/Content/' took 0.10s
[2019.12.15-18.46.30:897][153]LogSlate: Took 0.000207 seconds to synchronously load lazily loaded font '../../../Engine/Content/Slate/Fonts/Roboto-Light.ttf' (167K)
[2019.12.15-18.46.59:878][497]LogSlate: Window 'Pick Parent Class' being destroyed
[2019.12.15-18.47.17:670][125]LogAssetEditorSubsystem: Opening Asset editor for UserDefinedStruct /Game/Levels/Scoreboard.Scoreboard
[2019.12.15-18.47.22:338][301]LogSlate: Took 0.004523 seconds to synchronously load lazily loaded font '../../../Engine/Content/Slate/Fonts/Roboto-BoldCondensedItalic.ttf' (160K)
[2019.12.15-18.48.53:276][930]Cmd: TRANSACTION UNDO
[2019.12.15-18.48.53:276][930]LogEditorTransaction: Undo Variables reordered
[2019.12.15-18.48.53:676][941]Cmd: TRANSACTION UNDO
[2019.12.15-18.48.53:677][941]LogEditorTransaction: Undo Variables reordered
[2019.12.15-18.49.20:747][132]Cmd: OBJ SAVEPACKAGE PACKAGE="/Game/Levels/Scoreboard" FILE="../../../../../../Users/Martina/Documents/GitHub/GameJam2019/Erfrechung/Content/Levels/Scoreboard.uasset" SILENT=true
[2019.12.15-18.49.20:756][132]LogSavePackage: Moving '../../../../../../Users/Martina/Documents/GitHub/GameJam2019/Erfrechung/Saved/ScoreboardD385D79946C460E0D89BA2A85D5C0E26.tmp' to '../../../../../../Users/Martina/Documents/GitHub/GameJam2019/Erfrechung/Content/Levels/Scoreboard.uasset'
[2019.12.15-18.49.20:780][132]AssetCheck: New page: Asset Save: Scoreboard
[2019.12.15-18.49.20:780][132]LogContentValidation: Display: Validating UserDefinedStruct /Game/Levels/Scoreboard.Scoreboard
[2019.12.15-18.49.28:824][461]Cmd: OBJ SAVEPACKAGE PACKAGE="/Game/Levels/Scoreboard" FILE="../../../../../../Users/Martina/Documents/GitHub/GameJam2019/Erfrechung/Content/Levels/Scoreboard.uasset" SILENT=true
[2019.12.15-18.49.28:893][461]LogSavePackage: Moving '../../../../../../Users/Martina/Documents/GitHub/GameJam2019/Erfrechung/Saved/Scoreboard24B4016640980F0146B8B6B00096BE7D.tmp' to '../../../../../../Users/Martina/Documents/GitHub/GameJam2019/Erfrechung/Content/Levels/Scoreboard.uasset'
[2019.12.15-18.49.28:907][461]AssetCheck: New page: Asset Save: Scoreboard
[2019.12.15-18.49.28:907][461]LogContentValidation: Display: Validating UserDefinedStruct /Game/Levels/Scoreboard.Scoreboard
[2019.12.15-18.49.39:243][681]LogSlate: Window 'Scoreboard' being destroyed
[2019.12.15-18.49.39:249][681]LogSlate: Window 'Scoreboard' being destroyed
[2019.12.15-18.50.01:234][ 30]LogSlate: Window 'Pick Parent Class' being destroyed
[2019.12.15-18.50.10:375][190]LogAssetEditorSubsystem: Opening Asset editor for Blueprint /Game/Levels/NewBlueprint.NewBlueprint
[2019.12.15-18.50.10:574][190]LogContentBrowser: Native class hierarchy updated for 'BlueprintGraph' in 0.0008 seconds. Added 121 classes and 0 folders.
[2019.12.15-18.50.11:422][190]LogSlate: Took 0.000152 seconds to synchronously load lazily loaded font '../../../Engine/Content/Slate/Fonts/Roboto-BoldCondensed.ttf' (158K)
[2019.12.15-18.50.58:214][624]LogSlate: Window 'NewBlueprint' being destroyed
[2019.12.15-18.50.58:221][624]LogSlate: Window 'NewBlueprint' being destroyed
[2019.12.15-18.50.58:227][624]LogWorld: UWorld::CleanupWorld for World_0, bSessionEnded=true, bCleanupResources=true
[2019.12.15-18.50.58:227][624]LogSlate: InvalidateAllWidgets triggered.  All widgets were invalidated
[2019.12.15-18.51.16:475][ 22]LogUObjectHash: Compacting FUObjectHashTables data took   3.59ms
[2019.12.15-18.51.16:478][ 22]LogMetaData: Removing '/Game/Levels/scoreSave.SKEL_scoreSave_C' ref from Metadata '/Game/Levels/NewBlueprint.PackageMetaData'
[2019.12.15-18.51.16:478][ 22]LogMetaData: Removing '/Game/Levels/scoreSave.scoreSave_C' ref from Metadata '/Game/Levels/NewBlueprint.PackageMetaData'
[2019.12.15-18.51.16:536][ 22]Cmd: OBJ SAVEPACKAGE PACKAGE="/Game/Levels/scoreSave" FILE="../../../../../../Users/Martina/Documents/GitHub/GameJam2019/Erfrechung/Content/Levels/scoreSave.uasset" SILENT=true
[2019.12.15-18.51.16:541][ 22]LogSavePackage: Moving '../../../../../../Users/Martina/Documents/GitHub/GameJam2019/Erfrechung/Saved/scoreSave05B90BB547E4AD2C6E38B19DCEDC0DA8.tmp' to '../../../../../../Users/Martina/Documents/GitHub/GameJam2019/Erfrechung/Content/Levels/scoreSave.uasset'
[2019.12.15-18.51.16:866][ 22]LogUObjectHash: Compacting FUObjectHashTables data took   4.24ms
[2019.12.15-18.51.16:906][ 22]LogUObjectHash: Compacting FUObjectHashTables data took   2.71ms
[2019.12.15-18.51.16:938][ 22]LogUObjectHash: Compacting FUObjectHashTables data took   0.86ms
[2019.12.15-18.51.16:979][ 22]AssetCheck: New page: Asset Save: scoreSave
[2019.12.15-18.51.16:979][ 22]LogContentValidation: Display: Validating Blueprint /Game/Levels/scoreSave.scoreSave
[2019.12.15-18.53.04:532][759]LogAssetEditorSubsystem: Opening Asset editor for UserDefinedStruct /Game/PlayerScore.PlayerScore
[2019.12.15-18.53.09:895][ 72]LogSlate: Window 'PlayerScore' being destroyed
[2019.12.15-18.53.09:903][ 72]LogSlate: Window 'PlayerScore' being destroyed
[2019.12.15-18.53.20:194][684]LogAssetEditorSubsystem: Opening Asset editor for UserDefinedStruct /Game/PlayerScore.PlayerScore
[2019.12.15-18.53.22:108][789]LogSlate: Window 'PlayerScore' being destroyed
[2019.12.15-18.53.22:114][789]LogSlate: Window 'PlayerScore' being destroyed
[2019.12.15-18.53.24:995][955]LogAssetEditorSubsystem: Opening Asset editor for Blueprint /Game/JamSaveGame.JamSaveGame
[2019.12.15-18.53.29:760][220]LogSlate: Window 'JamSaveGame' being destroyed
[2019.12.15-18.53.29:774][220]LogSlate: Window 'JamSaveGame' being destroyed
[2019.12.15-18.53.29:787][220]LogWorld: UWorld::CleanupWorld for World_1, bSessionEnded=true, bCleanupResources=true
[2019.12.15-18.53.29:787][220]LogSlate: InvalidateAllWidgets triggered.  All widgets were invalidated
[2019.12.15-18.53.38:956][765]LogAssetEditorSubsystem: Opening Asset editor for UserDefinedStruct /Game/Levels/Scoreboard.Scoreboard
[2019.12.15-18.53.41:272][898]LogSlate: Window 'Scoreboard' being destroyed
[2019.12.15-18.53.41:280][898]LogSlate: Window 'Scoreboard' being destroyed
[2019.12.15-18.53.42:474][967]LogUObjectHash: Compacting FUObjectHashTables data took   3.07ms
[2019.12.15-18.53.43:753][967]LogSlate: Window 'Delete Assets' being destroyed
[2019.12.15-18.53.43:899][967]LogUObjectHash: Compacting FUObjectHashTables data took   2.52ms
[2019.12.15-18.53.43:941][967]LogUObjectHash: Compacting FUObjectHashTables data took   2.50ms
[2019.12.15-18.53.43:969][967]LogUObjectHash: Compacting FUObjectHashTables data took   0.93ms
[2019.12.15-18.53.45:572][ 59]LogAssetEditorSubsystem: Opening Asset editor for Blueprint /Game/Levels/scoreSave.scoreSave
[2019.12.15-18.53.48:700][223]LogSlate: Window 'scoreSave' being destroyed
[2019.12.15-18.53.48:723][223]LogSlate: Window 'scoreSave' being destroyed
[2019.12.15-18.53.48:736][223]LogWorld: UWorld::CleanupWorld for World_2, bSessionEnded=true, bCleanupResources=true
[2019.12.15-18.53.48:736][223]LogSlate: InvalidateAllWidgets triggered.  All widgets were invalidated
[2019.12.15-18.53.49:816][283]LogUObjectHash: Compacting FUObjectHashTables data took   2.43ms
[2019.12.15-18.53.51:116][283]LogSlate: Window 'Delete Assets' being destroyed
[2019.12.15-18.53.51:264][283]LogUObjectHash: Compacting FUObjectHashTables data took   3.49ms
[2019.12.15-18.53.51:298][283]LogUObjectHash: Compacting FUObjectHashTables data took   2.29ms
[2019.12.15-18.53.51:325][283]LogUObjectHash: Compacting FUObjectHashTables data took   0.94ms
[2019.12.15-18.53.53:056][382]LogAssetEditorSubsystem: Opening Asset editor for Blueprint /Game/BP_ErfrechtGameInstance.BP_ErfrechtGameInstance
[2019.12.15-18.53.54:602][454]LogSlate: Window 'BP_ErfrechtGameInstance' being destroyed
[2019.12.15-18.53.54:609][454]LogSlate: Window 'BP_ErfrechtGameInstance' being destroyed
[2019.12.15-18.53.54:621][454]LogWorld: UWorld::CleanupWorld for World_3, bSessionEnded=true, bCleanupResources=true
[2019.12.15-18.53.54:621][454]LogSlate: InvalidateAllWidgets triggered.  All widgets were invalidated
[2019.12.15-18.53.55:588][506]LogAssetEditorSubsystem: Opening Asset editor for Blueprint /Game/JamSaveGame.JamSaveGame
[2019.12.15-18.54.04:416][964]BlueprintLog: New page: Compile JamSaveGame
[2019.12.15-18.54.04:453][964]LogUObjectHash: Compacting FUObjectHashTables data took   2.67ms
[2019.12.15-18.54.05:851][ 45]LogSlate: Window 'JamSaveGame' being destroyed
[2019.12.15-18.54.05:857][ 45]LogSlate: Window 'JamSaveGame' being destroyed
[2019.12.15-18.54.05:873][ 45]LogWorld: UWorld::CleanupWorld for World_4, bSessionEnded=true, bCleanupResources=true
[2019.12.15-18.54.05:873][ 45]LogSlate: InvalidateAllWidgets triggered.  All widgets were invalidated
[2019.12.15-18.54.23:029][670]LogUObjectHash: Compacting FUObjectHashTables data took   3.49ms
[2019.12.15-18.54.24:328][670]LogSlate: Window 'Delete Assets' being destroyed
[2019.12.15-18.54.24:499][670]LogUObjectHash: Compacting FUObjectHashTables data took   2.40ms
[2019.12.15-18.54.24:537][670]LogUObjectHash: Compacting FUObjectHashTables data took   2.42ms
[2019.12.15-18.54.24:567][670]LogUObjectHash: Compacting FUObjectHashTables data took   0.86ms
[2019.12.15-18.56.19:992][ 74]LogAssetEditorSubsystem: Opening Asset editor for Blueprint /Game/BP_ErfrechtGameInstance.BP_ErfrechtGameInstance
[2019.12.15-18.56.23:323][250]LogSlate: Window 'BP_ErfrechtGameInstance' being destroyed
[2019.12.15-18.56.23:328][250]LogSlate: Window 'BP_ErfrechtGameInstance' being destroyed
[2019.12.15-18.56.23:329][250]LogWorld: UWorld::CleanupWorld for World_11, bSessionEnded=true, bCleanupResources=true
[2019.12.15-18.56.23:329][250]LogSlate: InvalidateAllWidgets triggered.  All widgets were invalidated
[2019.12.15-18.59.18:457][730]LogAssetEditorSubsystem: Opening Asset editor for Blueprint /Game/JamPawn.JamPawn
[2019.12.15-18.59.26:589][185]LogSlate: Took 0.003022 seconds to synchronously load lazily loaded font '../../../Engine/Content/Slate/Fonts/Roboto-Italic.ttf' (157K)
[2019.12.15-18.59.27:046][208]LogRenderer: Reallocating scene render targets to support 1076x712 Format 10 NumSamples 1 (Frame:1).
[2019.12.15-18.59.30:621][419]LogSlate: Window 'JamPawn' being destroyed
[2019.12.15-18.59.30:628][419]LogSlate: Window 'JamPawn' being destroyed
[2019.12.15-18.59.30:643][419]LogWorld: UWorld::CleanupWorld for World_12, bSessionEnded=true, bCleanupResources=true
[2019.12.15-18.59.30:643][419]LogSlate: InvalidateAllWidgets triggered.  All widgets were invalidated
[2019.12.15-19.01.54:866][332]LogAssetEditorSubsystem: Opening Asset editor for Blueprint /Game/BP_ErfrechtGameInstance.BP_ErfrechtGameInstance
[2019.12.15-19.04.23:836][595]LogUObjectHash: Compacting FUObjectHashTables data took   2.89ms
[2019.12.15-19.04.23:839][595]LogMetaData: Removing '/Game/Scoreboard.SKEL_Scoreboard_C' ref from Metadata '/Game/NewEditorUtilityWidgetBlueprint.PackageMetaData'
[2019.12.15-19.04.23:839][595]LogMetaData: Removing '/Game/Scoreboard.Scoreboard_C' ref from Metadata '/Game/NewEditorUtilityWidgetBlueprint.PackageMetaData'
[2019.12.15-19.04.23:839][595]LogMetaData: Removing '/Game/Scoreboard.Scoreboard:EventGraph.K2Node_Event_0' ref from Metadata '/Game/NewEditorUtilityWidgetBlueprint.PackageMetaData'
[2019.12.15-19.04.23:839][595]LogMetaData: Removing '/Game/Scoreboard.Scoreboard:EventGraph.K2Node_Event_1' ref from Metadata '/Game/NewEditorUtilityWidgetBlueprint.PackageMetaData'
[2019.12.15-19.04.23:839][595]LogMetaData: Removing '/Game/Scoreboard.Scoreboard:EventGraph.K2Node_Event_2' ref from Metadata '/Game/NewEditorUtilityWidgetBlueprint.PackageMetaData'
[2019.12.15-19.04.23:880][595]Cmd: OBJ SAVEPACKAGE PACKAGE="/Game/Scoreboard" FILE="../../../../../../Users/Martina/Documents/GitHub/GameJam2019/Erfrechung/Content/Scoreboard.uasset" SILENT=true
[2019.12.15-19.04.23:884][595]LogSavePackage: Moving '../../../../../../Users/Martina/Documents/GitHub/GameJam2019/Erfrechung/Saved/Scoreboard286B594E4CE716E9BD1970995B553230.tmp' to '../../../../../../Users/Martina/Documents/GitHub/GameJam2019/Erfrechung/Content/Scoreboard.uasset'
[2019.12.15-19.04.24:112][595]LogUObjectHash: Compacting FUObjectHashTables data took   2.52ms
[2019.12.15-19.04.24:157][595]LogUObjectHash: Compacting FUObjectHashTables data took   2.50ms
[2019.12.15-19.04.24:190][595]LogUObjectHash: Compacting FUObjectHashTables data took   0.83ms
[2019.12.15-19.04.24:229][595]AssetCheck: New page: Asset Save: Scoreboard
[2019.12.15-19.04.24:229][595]LogContentValidation: Display: Validating EditorUtilityWidgetBlueprint /Game/Scoreboard.Scoreboard
[2019.12.15-19.04.43:928][767]LogAssetEditorSubsystem: Opening Asset editor for EditorUtilityWidgetBlueprint /Game/Scoreboard.Scoreboard
[2019.12.15-19.05.15:606][599]LogEditorTransaction: Undo Add Widget
[2019.12.15-19.05.42:847][826]LogUObjectHash: Compacting FUObjectHashTables data took   4.46ms
[2019.12.15-19.05.42:848][826]LogFileHelpers: Editor autosave (incl. sublevels) for '/Game/Levels/Main' took 0.061
[2019.12.15-19.05.42:848][826]OBJ SavePackage: Generating thumbnails for [0] asset(s) in package [/Game/Scoreboard] ([1] browsable assets)...
[2019.12.15-19.05.42:848][826]OBJ SavePackage: Finished generating thumbnails for package [/Game/Scoreboard]
[2019.12.15-19.05.42:848][826]Cmd: OBJ SAVEPACKAGE PACKAGE="/Game/Scoreboard" FILE="../../../../../../Users/Martina/Documents/GitHub/GameJam2019/Erfrechung/Saved/Autosaves/Game/Scoreboard_Auto1.uasset" SILENT=false AUTOSAVING=true
[2019.12.15-19.05.42:863][826]LogSavePackage: Moving '../../../../../../Users/Martina/Documents/GitHub/GameJam2019/Erfrechung/Saved/Scoreboard_Auto1F71923184D3C0CDE04E7958FFC1706DA.tmp' to '../../../../../../Users/Martina/Documents/GitHub/GameJam2019/Erfrechung/Saved/Autosaves/Game/Scoreboard_Auto1.uasset'
[2019.12.15-19.05.42:864][826]LogFileHelpers: Auto-saving content packages took 0.016
[2019.12.15-19.06.24:492][753]LogEditorTransaction: Undo Move Widget
[2019.12.15-19.06.59:311][539]LogSlate: Took 0.013172 seconds to synchronously load lazily loaded font '../../../Engine/Content/Slate/Fonts/DroidSansFallback.ttf' (3848K)
[2019.12.15-19.07.29:513][312]LogEditorTransaction: Undo Remove Widget
[2019.12.15-19.07.30:428][346]LogEditorTransaction: Undo Wrap Widgets
[2019.12.15-19.07.31:264][395]LogEditorTransaction: Undo Remove Widget
[2019.12.15-19.09.44:186][357]Cmd: OBJ SAVEPACKAGE PACKAGE="/Game/Scoreboard" FILE="../../../../../../Users/Martina/Documents/GitHub/GameJam2019/Erfrechung/Content/Scoreboard.uasset" SILENT=true
[2019.12.15-19.09.44:204][357]LogSavePackage: Moving '../../../../../../Users/Martina/Documents/GitHub/GameJam2019/Erfrechung/Saved/Scoreboard471D114447BA323277C9538C0FBFF4C6.tmp' to '../../../../../../Users/Martina/Documents/GitHub/GameJam2019/Erfrechung/Content/Scoreboard.uasset'
[2019.12.15-19.09.44:223][357]AssetCheck: New page: Asset Save: Scoreboard
[2019.12.15-19.09.44:223][357]LogContentValidation: Display: Validating EditorUtilityWidgetBlueprint /Game/Scoreboard.Scoreboard
[2019.12.15-19.10.13:299][516]LogUObjectHash: Compacting FUObjectHashTables data took   4.11ms
[2019.12.15-19.10.13:306][516]LogMetaData: Removing '/Game/line.line_C' ref from Metadata '/Game/Scoreboard.PackageMetaData'
[2019.12.15-19.10.13:306][516]LogMetaData: Removing '/Game/line.SKEL_line_C' ref from Metadata '/Game/Scoreboard.PackageMetaData'
[2019.12.15-19.10.13:306][516]LogMetaData: Removing '/Game/line.line:EventGraph.K2Node_Event_0' ref from Metadata '/Game/Scoreboard.PackageMetaData'
[2019.12.15-19.10.13:306][516]LogMetaData: Removing '/Game/line.line:EventGraph.K2Node_Event_1' ref from Metadata '/Game/Scoreboard.PackageMetaData'
[2019.12.15-19.10.13:306][516]LogMetaData: Removing '/Game/line.line:EventGraph.K2Node_Event_2' ref from Metadata '/Game/Scoreboard.PackageMetaData'
[2019.12.15-19.10.13:362][516]Cmd: OBJ SAVEPACKAGE PACKAGE="/Game/line" FILE="../../../../../../Users/Martina/Documents/GitHub/GameJam2019/Erfrechung/Content/line.uasset" SILENT=true
[2019.12.15-19.10.13:367][516]LogSavePackage: Moving '../../../../../../Users/Martina/Documents/GitHub/GameJam2019/Erfrechung/Saved/line1961C520403DDE84D5018CAFCCC064A1.tmp' to '../../../../../../Users/Martina/Documents/GitHub/GameJam2019/Erfrechung/Content/line.uasset'
[2019.12.15-19.10.13:732][516]LogUObjectHash: Compacting FUObjectHashTables data took   3.61ms
[2019.12.15-19.10.13:777][516]LogUObjectHash: Compacting FUObjectHashTables data took   2.75ms
[2019.12.15-19.10.13:814][516]LogUObjectHash: Compacting FUObjectHashTables data took   1.04ms
[2019.12.15-19.10.13:861][516]AssetCheck: New page: Asset Save: line
[2019.12.15-19.10.13:861][516]LogContentValidation: Display: Validating EditorUtilityWidgetBlueprint /Game/line.line
[2019.12.15-19.10.30:992][508]LogAssetEditorSubsystem: Opening Asset editor for EditorUtilityWidgetBlueprint /Game/scoreboard.scoreboard
[2019.12.15-19.14.51:872][141]BlueprintLog: New page: Compile scoreboard
[2019.12.15-19.14.52:149][141]LogUObjectHash: Compacting FUObjectHashTables data took   4.60ms
[2019.12.15-19.17.08:210][997]LogUObjectHash: Compacting FUObjectHashTables data took   4.20ms
[2019.12.15-19.17.08:211][997]LogFileHelpers: Editor autosave (incl. sublevels) for '/Game/Levels/Main' took 0.044
[2019.12.15-19.17.08:211][997]OBJ SavePackage: Generating thumbnails for [0] asset(s) in package [/Game/line] ([1] browsable assets)...
[2019.12.15-19.17.08:212][997]OBJ SavePackage: Finished generating thumbnails for package [/Game/line]
[2019.12.15-19.17.08:212][997]Cmd: OBJ SAVEPACKAGE PACKAGE="/Game/line" FILE="../../../../../../Users/Martina/Documents/GitHub/GameJam2019/Erfrechung/Saved/Autosaves/Game/line_Auto2.uasset" SILENT=false AUTOSAVING=true
[2019.12.15-19.17.08:229][997]LogSavePackage: Moving '../../../../../../Users/Martina/Documents/GitHub/GameJam2019/Erfrechung/Saved/line_Auto23197FAAC4D9923D6C5DE51A770E1F694.tmp' to '../../../../../../Users/Martina/Documents/GitHub/GameJam2019/Erfrechung/Saved/Autosaves/Game/line_Auto2.uasset'
[2019.12.15-19.17.08:230][997]OBJ SavePackage: Generating thumbnails for [0] asset(s) in package [/Game/scoreboard] ([1] browsable assets)...
[2019.12.15-19.17.08:230][997]OBJ SavePackage: Finished generating thumbnails for package [/Game/scoreboard]
[2019.12.15-19.17.08:230][997]Cmd: OBJ SAVEPACKAGE PACKAGE="/Game/scoreboard" FILE="../../../../../../Users/Martina/Documents/GitHub/GameJam2019/Erfrechung/Saved/Autosaves/Game/scoreboard_Auto2.uasset" SILENT=false AUTOSAVING=true
[2019.12.15-19.17.08:234][997]LogSavePackage: Moving '../../../../../../Users/Martina/Documents/GitHub/GameJam2019/Erfrechung/Saved/scoreboard_Auto2EFE96190495A92E14FF61BB134291055.tmp' to '../../../../../../Users/Martina/Documents/GitHub/GameJam2019/Erfrechung/Saved/Autosaves/Game/scoreboard_Auto2.uasset'
[2019.12.15-19.17.08:235][997]LogFileHelpers: Auto-saving content packages took 0.024
[2019.12.15-19.21.53:874][273]BlueprintLog: New page: Compile line
[2019.12.15-19.21.53:926][273]LogUObjectHash: Compacting FUObjectHashTables data took   4.75ms
[2019.12.15-19.22.13:340][923]Cmd: OBJ SAVEPACKAGE PACKAGE="/Game/line" FILE="../../../../../../Users/Martina/Documents/GitHub/GameJam2019/Erfrechung/Content/line.uasset" SILENT=true
[2019.12.15-19.22.13:363][923]LogSavePackage: Moving '../../../../../../Users/Martina/Documents/GitHub/GameJam2019/Erfrechung/Saved/lineC5FE86BA4D9392BE212E80B434671CC7.tmp' to '../../../../../../Users/Martina/Documents/GitHub/GameJam2019/Erfrechung/Content/line.uasset'
[2019.12.15-19.22.13:382][923]AssetCheck: New page: Asset Save: line
[2019.12.15-19.22.13:383][923]LogContentValidation: Display: Validating EditorUtilityWidgetBlueprint /Game/line.line
[2019.12.15-19.24.45:575][888]Cmd: OBJ SAVEPACKAGE PACKAGE="/Game/scoreboard" FILE="../../../../../../Users/Martina/Documents/GitHub/GameJam2019/Erfrechung/Content/scoreboard.uasset" SILENT=true
[2019.12.15-19.24.45:581][888]LogSavePackage: Moving '../../../../../../Users/Martina/Documents/GitHub/GameJam2019/Erfrechung/Saved/scoreboard013879FB45800EC3320340AD4D4D41F4.tmp' to '../../../../../../Users/Martina/Documents/GitHub/GameJam2019/Erfrechung/Content/scoreboard.uasset'
[2019.12.15-19.24.45:602][888]AssetCheck: New page: Asset Save: scoreboard
[2019.12.15-19.24.45:602][888]LogContentValidation: Display: Validating EditorUtilityWidgetBlueprint /Game/scoreboard.scoreboard
[2019.12.15-19.24.46:649][944]BlueprintLog: New page: Compile scoreboard
[2019.12.15-19.24.46:699][944]LogUObjectHash: Compacting FUObjectHashTables data took   4.36ms
[2019.12.15-19.25.03:010][550]BlueprintLog: New page: Compile line
[2019.12.15-19.25.03:060][550]LogUObjectHash: Compacting FUObjectHashTables data took   4.37ms
[2019.12.15-19.25.03:689][578]Cmd: OBJ SAVEPACKAGE PACKAGE="/Game/line" FILE="../../../../../../Users/Martina/Documents/GitHub/GameJam2019/Erfrechung/Content/line.uasset" SILENT=true
[2019.12.15-19.25.03:711][578]LogSavePackage: Moving '../../../../../../Users/Martina/Documents/GitHub/GameJam2019/Erfrechung/Saved/lineE87401094DA9189268C6418532F38A0C.tmp' to '../../../../../../Users/Martina/Documents/GitHub/GameJam2019/Erfrechung/Content/line.uasset'
[2019.12.15-19.25.03:727][578]AssetCheck: New page: Asset Save: line
[2019.12.15-19.25.03:728][578]LogContentValidation: Display: Validating EditorUtilityWidgetBlueprint /Game/line.line
[2019.12.15-19.25.25:952][291]BlueprintLog: New page: Compile scoreboard
[2019.12.15-19.25.25:999][291]LogUObjectHash: Compacting FUObjectHashTables data took   4.11ms
[2019.12.15-19.25.55:975][334]BlueprintLog: New page: Compile scoreboard
[2019.12.15-19.25.56:034][334]LogUObjectHash: Compacting FUObjectHashTables data took   4.06ms
[2019.12.15-19.26.50:257][299]LogSlate: Prevented a slow task dialog from being summoned while a context menu was open
[2019.12.15-19.29.04:127][571]Cmd: OBJ SAVEPACKAGE PACKAGE="/Game/scoreboard" FILE="../../../../../../Users/Martina/Documents/GitHub/GameJam2019/Erfrechung/Content/scoreboard.uasset" SILENT=true
[2019.12.15-19.29.04:147][571]LogSavePackage: Moving '../../../../../../Users/Martina/Documents/GitHub/GameJam2019/Erfrechung/Saved/scoreboardEA8F9C1645A886859F122E8242E1A19F.tmp' to '../../../../../../Users/Martina/Documents/GitHub/GameJam2019/Erfrechung/Content/scoreboard.uasset'
[2019.12.15-19.29.04:171][571]AssetCheck: New page: Asset Save: scoreboard
[2019.12.15-19.29.04:171][571]LogContentValidation: Display: Validating EditorUtilityWidgetBlueprint /Game/scoreboard.scoreboard
[2019.12.15-19.29.04:689][601]BlueprintLog: New page: Compile scoreboard
[2019.12.15-19.29.04:742][601]LogUObjectHash: Compacting FUObjectHashTables data took   4.34ms
[2019.12.15-19.29.36:435][ 99]LogUObjectHash: Compacting FUObjectHashTables data took   5.12ms
[2019.12.15-19.29.36:435][ 99]LogFileHelpers: Editor autosave (incl. sublevels) for '/Game/Levels/Main' took 0.050
[2019.12.15-19.29.36:436][ 99]OBJ SavePackage: Generating thumbnails for [0] asset(s) in package [/Game/scoreboard] ([1] browsable assets)...
[2019.12.15-19.29.36:436][ 99]OBJ SavePackage: Finished generating thumbnails for package [/Game/scoreboard]
[2019.12.15-19.29.36:436][ 99]Cmd: OBJ SAVEPACKAGE PACKAGE="/Game/scoreboard" FILE="../../../../../../Users/Martina/Documents/GitHub/GameJam2019/Erfrechung/Saved/Autosaves/Game/scoreboard_Auto3.uasset" SILENT=false AUTOSAVING=true
[2019.12.15-19.29.36:463][ 99]LogSavePackage: Moving '../../../../../../Users/Martina/Documents/GitHub/GameJam2019/Erfrechung/Saved/scoreboard_Auto37FD788534A937EF10C44D4BB5180025B.tmp' to '../../../../../../Users/Martina/Documents/GitHub/GameJam2019/Erfrechung/Saved/Autosaves/Game/scoreboard_Auto3.uasset'
[2019.12.15-19.29.36:464][ 99]LogFileHelpers: Auto-saving content packages took 0.029
[2019.12.15-19.30.36:557][521]BlueprintLog: New page: Compile scoreboard
[2019.12.15-19.30.36:609][521]LogUObjectHash: Compacting FUObjectHashTables data took   4.35ms
[2019.12.15-19.36.30:777][ 13]LogUObjectHash: Compacting FUObjectHashTables data took   4.69ms
[2019.12.15-19.36.33:620][ 13]LogSlate: Window 'Save Content' being destroyed
[2019.12.15-19.36.33:670][ 13]Cmd: OBJ SAVEPACKAGE PACKAGE="/Game/scoreboard" FILE="../../../../../../Users/Martina/Documents/GitHub/GameJam2019/Erfrechung/Content/scoreboard.uasset" SILENT=true
[2019.12.15-19.36.33:691][ 13]LogSavePackage: Moving '../../../../../../Users/Martina/Documents/GitHub/GameJam2019/Erfrechung/Saved/scoreboard2BE9575841AFAF547FBEE8AA942AF194.tmp' to '../../../../../../Users/Martina/Documents/GitHub/GameJam2019/Erfrechung/Content/scoreboard.uasset'
[2019.12.15-19.36.33:755][ 13]LogSlate: Window 'BP_ErfrechtGameInstance' being destroyed
[2019.12.15-19.36.33:763][ 13]LogWorld: UWorld::CleanupWorld for World_17, bSessionEnded=true, bCleanupResources=true
[2019.12.15-19.36.33:763][ 13]LogSlate: InvalidateAllWidgets triggered.  All widgets were invalidated
[2019.12.15-19.36.33:782][ 13]LogWorld: UWorld::CleanupWorld for World_16, bSessionEnded=true, bCleanupResources=true
[2019.12.15-19.36.33:782][ 13]LogSlate: InvalidateAllWidgets triggered.  All widgets were invalidated
[2019.12.15-19.36.33:829][ 13]LogWorld: UWorld::CleanupWorld for World_20, bSessionEnded=true, bCleanupResources=true
[2019.12.15-19.36.33:829][ 13]LogSlate: InvalidateAllWidgets triggered.  All widgets were invalidated
[2019.12.15-19.36.33:834][ 13]LogWorld: UWorld::CleanupWorld for World_19, bSessionEnded=true, bCleanupResources=true
[2019.12.15-19.36.33:834][ 13]LogSlate: InvalidateAllWidgets triggered.  All widgets were invalidated
[2019.12.15-19.36.33:876][ 13]LogWorld: UWorld::CleanupWorld for World_13, bSessionEnded=true, bCleanupResources=true
[2019.12.15-19.36.33:876][ 13]LogSlate: InvalidateAllWidgets triggered.  All widgets were invalidated
[2019.12.15-19.36.33:918][ 13]LogSlate: Window 'Erfrechung - Unreal Editor' being destroyed
[2019.12.15-19.36.33:918][ 13]LogWindowsTextInputMethodSystem: Display: IME system now deactivated.
[2019.12.15-19.36.34:016][ 13]AssetCheck: New page: Asset Save: scoreboard
[2019.12.15-19.36.34:016][ 13]LogContentValidation: Display: Validating EditorUtilityWidgetBlueprint /Game/scoreboard.scoreboard
[2019.12.15-19.36.34:024][ 14]Cmd: QUIT_EDITOR
[2019.12.15-19.36.34:024][ 14]LogCore: Engine exit requested (reason: UUnrealEdEngine::CloseEditor())
[2019.12.15-19.36.34:033][ 14]LogCore: Engine exit requested (reason: EngineExit() was called; note: exit was already requested)
[2019.12.15-19.36.34:033][ 14]LogAudioMixer: Display: No commands were queued while flushing the source manager.
